TN:
SF:hooks\useData.js
FN:16,(anonymous_0)
FN:34,(anonymous_1)
FN:37,(anonymous_2)
FN:38,(anonymous_3)
FN:46,(anonymous_4)
FN:57,(anonymous_5)
FN:68,(anonymous_6)
FN:96,(anonymous_7)
FN:116,(anonymous_8)
FN:119,(anonymous_9)
FN:120,(anonymous_10)
FN:128,(anonymous_11)
FN:138,(anonymous_12)
FN:152,(anonymous_13)
FN:164,(anonymous_14)
FN:175,(anonymous_15)
FN:209,(anonymous_16)
FN:225,(anonymous_17)
FN:245,(anonymous_18)
FN:250,(anonymous_19)
FN:262,(anonymous_20)
FN:293,(anonymous_21)
FN:313,(anonymous_22)
FN:318,(anonymous_23)
FN:323,(anonymous_24)
FN:331,(anonymous_25)
FN:365,(anonymous_26)
FN:370,(anonymous_27)
FN:373,(anonymous_28)
FN:384,(anonymous_29)
FN:390,(anonymous_30)
FN:391,(anonymous_31)
FN:398,(anonymous_32)
FN:412,(anonymous_33)
FN:413,(anonymous_34)
FN:418,(anonymous_35)
FN:437,(anonymous_36)
FN:444,(anonymous_37)
FN:471,(anonymous_38)
FNF:39
FNH:0
FNDA:0,(anonymous_0)
FNDA:0,(anonymous_1)
FNDA:0,(anonymous_2)
FNDA:0,(anonymous_3)
FNDA:0,(anonymous_4)
FNDA:0,(anonymous_5)
FNDA:0,(anonymous_6)
FNDA:0,(anonymous_7)
FNDA:0,(anonymous_8)
FNDA:0,(anonymous_9)
FNDA:0,(anonymous_10)
FNDA:0,(anonymous_11)
FNDA:0,(anonymous_12)
FNDA:0,(anonymous_13)
FNDA:0,(anonymous_14)
FNDA:0,(anonymous_15)
FNDA:0,(anonymous_16)
FNDA:0,(anonymous_17)
FNDA:0,(anonymous_18)
FNDA:0,(anonymous_19)
FNDA:0,(anonymous_20)
FNDA:0,(anonymous_21)
FNDA:0,(anonymous_22)
FNDA:0,(anonymous_23)
FNDA:0,(anonymous_24)
FNDA:0,(anonymous_25)
FNDA:0,(anonymous_26)
FNDA:0,(anonymous_27)
FNDA:0,(anonymous_28)
FNDA:0,(anonymous_29)
FNDA:0,(anonymous_30)
FNDA:0,(anonymous_31)
FNDA:0,(anonymous_32)
FNDA:0,(anonymous_33)
FNDA:0,(anonymous_34)
FNDA:0,(anonymous_35)
FNDA:0,(anonymous_36)
FNDA:0,(anonymous_37)
FNDA:0,(anonymous_38)
DA:16,0
DA:17,0
DA:29,0
DA:31,0
DA:34,0
DA:35,0
DA:36,0
DA:37,0
DA:39,0
DA:40,0
DA:46,0
DA:47,0
DA:48,0
DA:49,0
DA:51,0
DA:52,0
DA:53,0
DA:57,0
DA:58,0
DA:59,0
DA:60,0
DA:62,0
DA:63,0
DA:64,0
DA:68,0
DA:69,0
DA:70,0
DA:71,0
DA:73,0
DA:74,0
DA:75,0
DA:79,0
DA:96,0
DA:97,0
DA:110,0
DA:112,0
DA:113,0
DA:116,0
DA:117,0
DA:118,0
DA:119,0
DA:121,0
DA:122,0
DA:128,0
DA:129,0
DA:130,0
DA:135,0
DA:138,0
DA:139,0
DA:141,0
DA:142,0
DA:143,0
DA:144,0
DA:146,0
DA:147,0
DA:148,0
DA:152,0
DA:153,0
DA:154,0
DA:155,0
DA:156,0
DA:158,0
DA:159,0
DA:160,0
DA:164,0
DA:165,0
DA:166,0
DA:167,0
DA:169,0
DA:170,0
DA:171,0
DA:175,0
DA:176,0
DA:178,0
DA:179,0
DA:180,0
DA:182,0
DA:183,0
DA:184,0
DA:188,0
DA:209,0
DA:210,0
DA:219,0
DA:221,0
DA:222,0
DA:225,0
DA:226,0
DA:227,0
DA:228,0
DA:231,0
DA:232,0
DA:233,0
DA:234,0
DA:235,0
DA:237,0
DA:238,0
DA:239,0
DA:241,0
DA:245,0
DA:246,0
DA:248,0
DA:249,0
DA:250,0
DA:251,0
DA:256,0
DA:257,0
DA:258,0
DA:262,0
DA:263,0
DA:265,0
DA:266,0
DA:267,0
DA:268,0
DA:270,0
DA:271,0
DA:272,0
DA:276,0
DA:293,0
DA:311,0
DA:313,0
DA:314,0
DA:315,0
DA:318,0
DA:319,0
DA:320,0
DA:323,0
DA:324,0
DA:325,0
DA:331,0
DA:332,0
DA:333,0
DA:334,0
DA:336,0
DA:337,0
DA:338,0
DA:342,0
DA:365,0
DA:366,0
DA:367,0
DA:370,0
DA:373,0
DA:374,0
DA:375,0
DA:381,0
DA:382,0
DA:384,0
DA:385,0
DA:386,0
DA:390,0
DA:391,0
DA:398,0
DA:399,0
DA:401,0
DA:402,0
DA:403,0
DA:404,0
DA:405,0
DA:406,0
DA:408,0
DA:412,0
DA:413,0
DA:418,0
DA:419,0
DA:420,0
DA:424,0
DA:437,0
DA:438,0
DA:439,0
DA:440,0
DA:441,0
DA:442,0
DA:444,0
DA:445,0
DA:448,0
DA:449,0
DA:452,0
DA:453,0
DA:454,0
DA:459,0
DA:460,0
DA:462,0
DA:463,0
DA:464,0
DA:466,0
DA:471,0
DA:472,0
DA:473,0
DA:477,0
LF:188
LH:0
BRDA:35,0,0,0
BRDA:35,0,1,0
BRDA:35,1,0,0
BRDA:35,1,1,0
BRDA:113,2,0,0
BRDA:113,2,1,0
BRDA:117,3,0,0
BRDA:117,3,1,0
BRDA:117,4,0,0
BRDA:117,4,1,0
BRDA:129,5,0,0
BRDA:129,5,1,0
BRDA:129,6,0,0
BRDA:129,6,1,0
BRDA:129,6,2,0
BRDA:129,6,3,0
BRDA:135,7,0,0
BRDA:135,7,1,0
BRDA:139,8,0,0
BRDA:139,8,1,0
BRDA:176,9,0,0
BRDA:176,9,1,0
BRDA:189,10,0,0
BRDA:189,10,1,0
BRDA:225,11,0,0
BRDA:226,12,0,0
BRDA:226,12,1,0
BRDA:246,13,0,0
BRDA:246,13,1,0
BRDA:252,14,0,0
BRDA:252,14,1,0
BRDA:263,15,0,0
BRDA:263,15,1,0
BRDA:281,16,0,0
BRDA:281,16,1,0
BRDA:326,17,0,0
BRDA:326,17,1,0
BRDA:377,18,0,0
BRDA:377,18,1,0
BRDA:399,19,0,0
BRDA:399,19,1,0
BRDA:399,20,0,0
BRDA:399,20,1,0
BRDA:419,21,0,0
BRDA:419,21,1,0
BRDA:444,22,0,0
BRDA:445,23,0,0
BRDA:445,23,1,0
BRDA:448,24,0,0
BRDA:448,24,1,0
BRDA:448,25,0,0
BRDA:448,25,1,0
BRDA:448,25,2,0
BRDA:472,26,0,0
BRDA:472,26,1,0
BRF:55
BRH:0
end_of_record
TN:
SF:services\supabaseService.js
FN:11,(anonymous_0)
FN:22,(anonymous_1)
FN:41,(anonymous_2)
FN:61,(anonymous_3)
FN:70,(anonymous_4)
FN:76,(anonymous_5)
FN:81,(anonymous_6)
FN:90,(anonymous_7)
FN:98,(anonymous_8)
FN:116,(anonymous_9)
FN:133,(anonymous_10)
FN:146,(anonymous_11)
FN:162,(anonymous_12)
FN:179,(anonymous_13)
FN:213,(anonymous_14)
FN:236,(anonymous_15)
FN:259,(anonymous_16)
FN:281,(anonymous_17)
FN:288,(anonymous_18)
FN:297,(anonymous_19)
FN:314,(anonymous_20)
FN:330,(anonymous_21)
FN:350,(anonymous_22)
FN:379,(anonymous_23)
FNF:24
FNH:0
FNDA:0,(anonymous_0)
FNDA:0,(anonymous_1)
FNDA:0,(anonymous_2)
FNDA:0,(anonymous_3)
FNDA:0,(anonymous_4)
FNDA:0,(anonymous_5)
FNDA:0,(anonymous_6)
FNDA:0,(anonymous_7)
FNDA:0,(anonymous_8)
FNDA:0,(anonymous_9)
FNDA:0,(anonymous_10)
FNDA:0,(anonymous_11)
FNDA:0,(anonymous_12)
FNDA:0,(anonymous_13)
FNDA:0,(anonymous_14)
FNDA:0,(anonymous_15)
FNDA:0,(anonymous_16)
FNDA:0,(anonymous_17)
FNDA:0,(anonymous_18)
FNDA:0,(anonymous_19)
FNDA:0,(anonymous_20)
FNDA:0,(anonymous_21)
FNDA:0,(anonymous_22)
FNDA:0,(anonymous_23)
DA:12,0
DA:13,0
DA:14,0
DA:15,0
DA:16,0
DA:23,0
DA:24,0
DA:25,0
DA:28,0
DA:41,0
DA:42,0
DA:43,0
DA:44,0
DA:49,0
DA:50,0
DA:52,0
DA:54,0
DA:62,0
DA:63,0
DA:71,0
DA:72,0
DA:73,0
DA:77,0
DA:78,0
DA:82,0
DA:83,0
DA:85,0
DA:86,0
DA:87,0
DA:91,0
DA:92,0
DA:99,0
DA:101,0
DA:109,0
DA:110,0
DA:113,0
DA:117,0
DA:119,0
DA:124,0
DA:125,0
DA:128,0
DA:129,0
DA:130,0
DA:134,0
DA:136,0
DA:138,0
DA:139,0
DA:142,0
DA:143,0
DA:147,0
DA:149,0
DA:151,0
DA:152,0
DA:155,0
DA:156,0
DA:163,0
DA:165,0
DA:168,0
DA:171,0
DA:172,0
DA:173,0
DA:176,0
DA:179,0
DA:180,0
DA:181,0
DA:182,0
DA:183,0
DA:185,0
DA:190,0
DA:191,0
DA:195,0
DA:196,0
DA:199,0
DA:201,0
DA:202,0
DA:206,0
DA:207,0
DA:210,0
DA:214,0
DA:216,0
DA:218,0
DA:220,0
DA:221,0
DA:224,0
DA:226,0
DA:227,0
DA:231,0
DA:233,0
DA:237,0
DA:239,0
DA:241,0
DA:243,0
DA:244,0
DA:247,0
DA:249,0
DA:250,0
DA:254,0
DA:256,0
DA:260,0
DA:262,0
DA:268,0
DA:269,0
DA:273,0
DA:275,0
DA:282,0
DA:283,0
DA:284,0
DA:285,0
DA:288,0
DA:289,0
DA:290,0
DA:298,0
DA:300,0
DA:302,0
DA:303,0
DA:304,0
DA:305,0
DA:308,0
DA:315,0
DA:319,0
DA:321,0
DA:322,0
DA:323,0
DA:324,0
DA:330,0
DA:333,0
DA:334,0
DA:335,0
DA:336,0
DA:339,0
DA:343,0
DA:351,0
DA:353,0
DA:354,0
DA:359,0
DA:360,0
DA:363,0
DA:365,0
DA:371,0
DA:374,0
DA:379,0
DA:380,0
DA:381,0
LF:143
LH:0
BRDA:24,0,0,0
BRDA:24,0,1,0
BRDA:24,1,0,0
BRDA:24,1,1,0
BRDA:42,2,0,0
BRDA:42,2,1,0
BRDA:43,3,0,0
BRDA:43,3,1,0
BRDA:43,4,0,0
BRDA:43,4,1,0
BRDA:50,5,0,0
BRDA:50,5,1,0
BRDA:62,6,0,0
BRDA:62,6,1,0
BRDA:62,7,0,0
BRDA:62,7,1,0
BRDA:72,8,0,0
BRDA:72,8,1,0
BRDA:82,9,0,0
BRDA:82,9,1,0
BRDA:98,10,0,0
BRDA:109,11,0,0
BRDA:109,11,1,0
BRDA:124,12,0,0
BRDA:124,12,1,0
BRDA:138,13,0,0
BRDA:138,13,1,0
BRDA:151,14,0,0
BRDA:151,14,1,0
BRDA:162,15,0,0
BRDA:165,16,0,0
BRDA:165,17,0,0
BRDA:165,18,0,0
BRDA:171,19,0,0
BRDA:171,19,1,0
BRDA:173,20,0,0
BRDA:173,20,1,0
BRDA:180,21,0,0
BRDA:180,21,1,0
BRDA:182,22,0,0
BRDA:182,22,1,0
BRDA:182,23,0,0
BRDA:182,23,1,0
BRDA:190,24,0,0
BRDA:190,24,1,0
BRDA:195,25,0,0
BRDA:195,25,1,0
BRDA:201,26,0,0
BRDA:201,26,1,0
BRDA:206,27,0,0
BRDA:206,27,1,0
BRDA:206,28,0,0
BRDA:206,28,1,0
BRDA:213,29,0,0
BRDA:216,30,0,0
BRDA:220,31,0,0
BRDA:220,31,1,0
BRDA:226,32,0,0
BRDA:226,32,1,0
BRDA:236,33,0,0
BRDA:239,34,0,0
BRDA:243,35,0,0
BRDA:243,35,1,0
BRDA:249,36,0,0
BRDA:249,36,1,0
BRDA:268,37,0,0
BRDA:268,37,1,0
BRDA:284,38,0,0
BRDA:284,38,1,0
BRDA:297,39,0,0
BRDA:334,40,0,0
BRDA:334,40,1,0
BRDA:359,41,0,0
BRDA:359,41,1,0
BRF:74
BRH:0
end_of_record
TN:
SF:stores\appStore.js
FN:105,(anonymous_0)
FN:111,(anonymous_1)
FN:112,(anonymous_2)
FN:124,(anonymous_3)
FN:125,(anonymous_4)
FN:140,(anonymous_5)
FN:141,(anonymous_6)
FN:160,(anonymous_7)
FN:161,(anonymous_8)
FN:170,(anonymous_9)
FN:177,(anonymous_10)
FN:184,(anonymous_11)
FN:185,(anonymous_12)
FN:193,(anonymous_13)
FN:194,(anonymous_14)
FN:202,(anonymous_15)
FN:203,(anonymous_16)
FN:215,(anonymous_17)
FN:216,(anonymous_18)
FN:227,(anonymous_19)
FN:228,(anonymous_20)
FN:240,(anonymous_21)
FN:241,(anonymous_22)
FN:253,(anonymous_23)
FN:254,(anonymous_24)
FN:266,(anonymous_25)
FN:267,(anonymous_26)
FN:279,(anonymous_27)
FN:280,(anonymous_28)
FN:291,(anonymous_29)
FN:292,(anonymous_30)
FN:306,(anonymous_31)
FN:307,(anonymous_32)
FN:318,(anonymous_33)
FN:319,(anonymous_34)
FN:322,(anonymous_35)
FN:330,(anonymous_36)
FN:331,(anonymous_37)
FN:342,(anonymous_38)
FN:346,(anonymous_39)
FN:356,(anonymous_40)
FN:374,(anonymous_41)
FN:375,(anonymous_42)
FN:392,(anonymous_43)
FN:393,(anonymous_44)
FN:404,(anonymous_45)
FN:424,(anonymous_46)
FN:442,(anonymous_47)
FN:443,(anonymous_48)
FN:464,(anonymous_49)
FN:474,(anonymous_50)
FN:475,(anonymous_51)
FNF:52
FNH:0
FNDA:0,(anonymous_0)
FNDA:0,(anonymous_1)
FNDA:0,(anonymous_2)
FNDA:0,(anonymous_3)
FNDA:0,(anonymous_4)
FNDA:0,(anonymous_5)
FNDA:0,(anonymous_6)
FNDA:0,(anonymous_7)
FNDA:0,(anonymous_8)
FNDA:0,(anonymous_9)
FNDA:0,(anonymous_10)
FNDA:0,(anonymous_11)
FNDA:0,(anonymous_12)
FNDA:0,(anonymous_13)
FNDA:0,(anonymous_14)
FNDA:0,(anonymous_15)
FNDA:0,(anonymous_16)
FNDA:0,(anonymous_17)
FNDA:0,(anonymous_18)
FNDA:0,(anonymous_19)
FNDA:0,(anonymous_20)
FNDA:0,(anonymous_21)
FNDA:0,(anonymous_22)
FNDA:0,(anonymous_23)
FNDA:0,(anonymous_24)
FNDA:0,(anonymous_25)
FNDA:0,(anonymous_26)
FNDA:0,(anonymous_27)
FNDA:0,(anonymous_28)
FNDA:0,(anonymous_29)
FNDA:0,(anonymous_30)
FNDA:0,(anonymous_31)
FNDA:0,(anonymous_32)
FNDA:0,(anonymous_33)
FNDA:0,(anonymous_34)
FNDA:0,(anonymous_35)
FNDA:0,(anonymous_36)
FNDA:0,(anonymous_37)
FNDA:0,(anonymous_38)
FNDA:0,(anonymous_39)
FNDA:0,(anonymous_40)
FNDA:0,(anonymous_41)
FNDA:0,(anonymous_42)
FNDA:0,(anonymous_43)
FNDA:0,(anonymous_44)
FNDA:0,(anonymous_45)
FNDA:0,(anonymous_46)
FNDA:0,(anonymous_47)
FNDA:0,(anonymous_48)
FNDA:0,(anonymous_49)
FNDA:0,(anonymous_50)
FNDA:0,(anonymous_51)
DA:14,0
DA:103,0
DA:105,0
DA:112,0
DA:125,0
DA:141,0
DA:161,0
DA:171,0
DA:178,0
DA:185,0
DA:194,0
DA:203,0
DA:216,0
DA:228,0
DA:241,0
DA:254,0
DA:267,0
DA:280,0
DA:292,0
DA:307,0
DA:319,0
DA:322,0
DA:331,0
DA:343,0
DA:345,0
DA:346,0
DA:347,0
DA:352,0
DA:353,0
DA:356,0
DA:364,0
DA:366,0
DA:367,0
DA:375,0
DA:383,0
DA:393,0
DA:405,0
DA:406,0
DA:407,0
DA:408,0
DA:410,0
DA:425,0
DA:427,0
DA:430,0
DA:432,0
DA:434,0
DA:435,0
DA:443,0
DA:452,0
DA:453,0
DA:458,0
DA:464,0
DA:474,0
DA:475,0
LF:54
LH:0
BRDA:132,0,0,0
BRDA:132,0,1,0
BRDA:163,1,0,0
BRDA:163,1,1,0
BRDA:271,2,0,0
BRDA:271,2,1,0
BRDA:347,3,0,0
BRDA:347,3,1,0
BRDA:347,3,2,0
BRDA:352,4,0,0
BRDA:352,4,1,0
BRDA:415,5,0,0
BRDA:415,5,1,0
BRDA:452,6,0,0
BRDA:452,6,1,0
BRF:15
BRH:0
end_of_record
TN:
SF:stores\nutritionStore.js
FN:77,(anonymous_0)
FN:83,(anonymous_1)
FN:84,(anonymous_2)
FN:98,(anonymous_3)
FN:99,(anonymous_4)
FN:114,(anonymous_5)
FN:115,(anonymous_6)
FN:130,(anonymous_7)
FN:148,(anonymous_8)
FN:164,(anonymous_9)
FN:184,(anonymous_10)
FN:194,(anonymous_11)
FN:229,(anonymous_12)
FN:249,(anonymous_13)
FN:280,(anonymous_14)
FN:287,(anonymous_15)
FN:288,(anonymous_16)
FN:316,(anonymous_17)
FN:323,(anonymous_18)
FN:324,(anonymous_19)
FN:348,(anonymous_20)
FN:363,(anonymous_21)
FN:383,(anonymous_22)
FN:399,(anonymous_23)
FN:425,(anonymous_24)
FN:428,(anonymous_25)
FN:429,(anonymous_26)
FN:442,(anonymous_27)
FN:446,(anonymous_28)
FN:450,(anonymous_29)
FN:453,(anonymous_30)
FN:458,(anonymous_31)
FN:474,(anonymous_32)
FN:486,(anonymous_33)
FN:503,(anonymous_34)
FN:522,(anonymous_35)
FN:525,(anonymous_36)
FN:545,(anonymous_37)
FN:552,(anonymous_38)
FN:555,(anonymous_39)
FN:573,(anonymous_40)
FN:580,(anonymous_41)
FN:598,(anonymous_42)
FN:599,(anonymous_43)
FNF:44
FNH:0
FNDA:0,(anonymous_0)
FNDA:0,(anonymous_1)
FNDA:0,(anonymous_2)
FNDA:0,(anonymous_3)
FNDA:0,(anonymous_4)
FNDA:0,(anonymous_5)
FNDA:0,(anonymous_6)
FNDA:0,(anonymous_7)
FNDA:0,(anonymous_8)
FNDA:0,(anonymous_9)
FNDA:0,(anonymous_10)
FNDA:0,(anonymous_11)
FNDA:0,(anonymous_12)
FNDA:0,(anonymous_13)
FNDA:0,(anonymous_14)
FNDA:0,(anonymous_15)
FNDA:0,(anonymous_16)
FNDA:0,(anonymous_17)
FNDA:0,(anonymous_18)
FNDA:0,(anonymous_19)
FNDA:0,(anonymous_20)
FNDA:0,(anonymous_21)
FNDA:0,(anonymous_22)
FNDA:0,(anonymous_23)
FNDA:0,(anonymous_24)
FNDA:0,(anonymous_25)
FNDA:0,(anonymous_26)
FNDA:0,(anonymous_27)
FNDA:0,(anonymous_28)
FNDA:0,(anonymous_29)
FNDA:0,(anonymous_30)
FNDA:0,(anonymous_31)
FNDA:0,(anonymous_32)
FNDA:0,(anonymous_33)
FNDA:0,(anonymous_34)
FNDA:0,(anonymous_35)
FNDA:0,(anonymous_36)
FNDA:0,(anonymous_37)
FNDA:0,(anonymous_38)
FNDA:0,(anonymous_39)
FNDA:0,(anonymous_40)
FNDA:0,(anonymous_41)
FNDA:0,(anonymous_42)
FNDA:0,(anonymous_43)
DA:16,0
DA:75,0
DA:77,0
DA:84,0
DA:99,0
DA:115,0
DA:131,0
DA:141,0
DA:148,0
DA:149,0
DA:150,0
DA:153,0
DA:164,0
DA:165,0
DA:169,0
DA:170,0
DA:171,0
DA:172,0
DA:173,0
DA:174,0
DA:178,0
DA:185,0
DA:187,0
DA:188,0
DA:190,0
DA:191,0
DA:192,0
DA:194,0
DA:195,0
DA:196,0
DA:207,0
DA:218,0
DA:220,0
DA:221,0
DA:222,0
DA:230,0
DA:233,0
DA:234,0
DA:235,0
DA:238,0
DA:240,0
DA:241,0
DA:247,0
DA:248,0
DA:249,0
DA:250,0
DA:251,0
DA:253,0
DA:267,0
DA:269,0
DA:271,0
DA:272,0
DA:273,0
DA:281,0
DA:283,0
DA:284,0
DA:287,0
DA:288,0
DA:289,0
DA:291,0
DA:293,0
DA:305,0
DA:307,0
DA:308,0
DA:309,0
DA:317,0
DA:319,0
DA:320,0
DA:323,0
DA:324,0
DA:325,0
DA:327,0
DA:339,0
DA:340,0
DA:341,0
DA:349,0
DA:352,0
DA:353,0
DA:354,0
DA:357,0
DA:359,0
DA:360,0
DA:363,0
DA:372,0
DA:374,0
DA:375,0
DA:376,0
DA:384,0
DA:386,0
DA:387,0
DA:389,0
DA:390,0
DA:393,0
DA:395,0
DA:396,0
DA:399,0
DA:414,0
DA:416,0
DA:417,0
DA:418,0
DA:426,0
DA:428,0
DA:429,0
DA:430,0
DA:443,0
DA:445,0
DA:446,0
DA:448,0
DA:449,0
DA:450,0
DA:453,0
DA:457,0
DA:458,0
DA:466,0
DA:467,0
DA:475,0
DA:478,0
DA:479,0
DA:480,0
DA:483,0
DA:484,0
DA:486,0
DA:493,0
DA:495,0
DA:496,0
DA:504,0
DA:506,0
DA:507,0
DA:512,0
DA:514,0
DA:515,0
DA:523,0
DA:525,0
DA:536,0
DA:537,0
DA:538,0
DA:546,0
DA:548,0
DA:550,0
DA:551,0
DA:552,0
DA:554,0
DA:555,0
DA:563,0
DA:565,0
DA:566,0
DA:574,0
DA:581,0
DA:583,0
DA:585,0
DA:586,0
DA:591,0
DA:592,0
DA:598,0
DA:599,0
LF:155
LH:0
BRDA:106,0,0,0
BRDA:106,0,1,0
BRDA:149,1,0,0
BRDA:149,1,1,0
BRDA:150,2,0,0
BRDA:150,2,1,0
BRDA:150,2,2,0
BRDA:154,3,0,0
BRDA:154,3,1,0
BRDA:155,4,0,0
BRDA:155,4,1,0
BRDA:156,5,0,0
BRDA:156,5,1,0
BRDA:156,5,2,0
BRDA:157,6,0,0
BRDA:157,6,1,0
BRDA:157,6,2,0
BRDA:158,7,0,0
BRDA:158,7,1,0
BRDA:158,7,2,0
BRDA:159,8,0,0
BRDA:159,8,1,0
BRDA:159,8,2,0
BRDA:160,9,0,0
BRDA:160,9,1,0
BRDA:165,10,0,0
BRDA:165,10,1,0
BRDA:169,11,0,0
BRDA:169,11,1,0
BRDA:170,12,0,0
BRDA:170,12,1,0
BRDA:185,13,0,0
BRDA:185,13,1,0
BRDA:187,14,0,0
BRDA:187,14,1,0
BRDA:195,15,0,0
BRDA:195,15,1,0
BRDA:230,16,0,0
BRDA:230,16,1,0
BRDA:234,17,0,0
BRDA:234,17,1,0
BRDA:243,18,0,0
BRDA:243,18,1,0
BRDA:248,19,0,0
BRDA:248,19,1,0
BRDA:267,20,0,0
BRDA:267,20,1,0
BRDA:289,21,0,0
BRDA:289,21,1,0
BRDA:349,22,0,0
BRDA:349,22,1,0
BRDA:353,23,0,0
BRDA:353,23,1,0
BRDA:383,24,0,0
BRDA:384,25,0,0
BRDA:384,25,1,0
BRDA:389,26,0,0
BRDA:389,26,1,0
BRDA:389,27,0,0
BRDA:389,27,1,0
BRDA:426,28,0,0
BRDA:426,28,1,0
BRDA:443,29,0,0
BRDA:443,29,1,0
BRDA:443,30,0,0
BRDA:443,30,1,0
BRDA:448,31,0,0
BRDA:448,31,1,0
BRDA:475,32,0,0
BRDA:475,32,1,0
BRDA:479,33,0,0
BRDA:479,33,1,0
BRDA:504,34,0,0
BRDA:504,34,1,0
BRDA:523,35,0,0
BRDA:523,35,1,0
BRDA:536,36,0,0
BRDA:536,36,1,0
BRDA:546,37,0,0
BRDA:546,37,1,0
BRDA:548,38,0,0
BRDA:548,38,1,0
BRDA:554,39,0,0
BRDA:554,39,1,0
BRDA:581,40,0,0
BRDA:581,40,1,0
BRF:86
BRH:0
end_of_record
TN:
SF:stores\userStore.js
FN:70,(anonymous_0)
FN:76,(anonymous_1)
FN:77,(anonymous_2)
FN:90,(anonymous_3)
FN:91,(anonymous_4)
FN:106,(anonymous_5)
FN:107,(anonymous_6)
FN:122,(anonymous_7)
FN:130,(anonymous_8)
FN:147,(anonymous_9)
FN:165,(anonymous_10)
FN:182,(anonymous_11)
FN:196,(anonymous_12)
FN:213,(anonymous_13)
FN:227,(anonymous_14)
FN:244,(anonymous_15)
FN:253,(anonymous_16)
FN:270,(anonymous_17)
FN:280,(anonymous_18)
FN:295,(anonymous_19)
FN:296,(anonymous_20)
FN:304,(anonymous_21)
FN:349,(anonymous_22)
FN:356,(anonymous_23)
FN:372,(anonymous_24)
FN:373,(anonymous_25)
FNF:26
FNH:0
FNDA:0,(anonymous_0)
FNDA:0,(anonymous_1)
FNDA:0,(anonymous_2)
FNDA:0,(anonymous_3)
FNDA:0,(anonymous_4)
FNDA:0,(anonymous_5)
FNDA:0,(anonymous_6)
FNDA:0,(anonymous_7)
FNDA:0,(anonymous_8)
FNDA:0,(anonymous_9)
FNDA:0,(anonymous_10)
FNDA:0,(anonymous_11)
FNDA:0,(anonymous_12)
FNDA:0,(anonymous_13)
FNDA:0,(anonymous_14)
FNDA:0,(anonymous_15)
FNDA:0,(anonymous_16)
FNDA:0,(anonymous_17)
FNDA:0,(anonymous_18)
FNDA:0,(anonymous_19)
FNDA:0,(anonymous_20)
FNDA:0,(anonymous_21)
FNDA:0,(anonymous_22)
FNDA:0,(anonymous_23)
FNDA:0,(anonymous_24)
FNDA:0,(anonymous_25)
DA:16,0
DA:68,0
DA:70,0
DA:77,0
DA:91,0
DA:107,0
DA:123,0
DA:125,0
DA:127,0
DA:128,0
DA:130,0
DA:136,0
DA:138,0
DA:139,0
DA:140,0
DA:148,0
DA:149,0
DA:152,0
DA:153,0
DA:154,0
DA:157,0
DA:159,0
DA:160,0
DA:165,0
DA:171,0
DA:173,0
DA:174,0
DA:175,0
DA:183,0
DA:184,0
DA:186,0
DA:188,0
DA:189,0
DA:192,0
DA:196,0
DA:202,0
DA:204,0
DA:205,0
DA:206,0
DA:214,0
DA:215,0
DA:217,0
DA:219,0
DA:220,0
DA:223,0
DA:227,0
DA:233,0
DA:235,0
DA:236,0
DA:237,0
DA:245,0
DA:246,0
DA:248,0
DA:250,0
DA:251,0
DA:253,0
DA:259,0
DA:261,0
DA:262,0
DA:263,0
DA:271,0
DA:272,0
DA:274,0
DA:275,0
DA:280,0
DA:284,0
DA:286,0
DA:287,0
DA:288,0
DA:296,0
DA:305,0
DA:306,0
DA:308,0
DA:311,0
DA:312,0
DA:314,0
DA:318,0
DA:326,0
DA:329,0
DA:330,0
DA:331,0
DA:332,0
DA:333,0
DA:337,0
DA:339,0
DA:341,0
DA:342,0
DA:350,0
DA:357,0
DA:359,0
DA:360,0
DA:365,0
DA:366,0
DA:372,0
DA:373,0
LF:95
LH:0
BRDA:98,0,0,0
BRDA:98,0,1,0
BRDA:123,1,0,0
BRDA:123,1,1,0
BRDA:149,2,0,0
BRDA:149,2,1,0
BRDA:153,3,0,0
BRDA:153,3,1,0
BRDA:184,4,0,0
BRDA:184,4,1,0
BRDA:215,5,0,0
BRDA:215,5,1,0
BRDA:246,6,0,0
BRDA:246,6,1,0
BRDA:272,7,0,0
BRDA:272,7,1,0
BRDA:306,8,0,0
BRDA:306,8,1,0
BRDA:311,9,0,0
BRDA:311,9,1,0
BRDA:326,10,0,0
BRDA:326,10,1,0
BRDA:330,11,0,0
BRDA:330,11,1,0
BRDA:332,12,0,0
BRDA:332,12,1,0
BRDA:357,13,0,0
BRDA:357,13,1,0
BRF:28
BRH:0
end_of_record
TN:
SF:utils\apolloClient.js
FNF:0
FNH:0
DA:4,0
DA:13,0
LF:2
LH:0
BRF:0
BRH:0
end_of_record
TN:
SF:utils\cacheStrategies.js
FN:13,(anonymous_0)
FN:20,(anonymous_1)
FN:35,(anonymous_2)
FN:55,(anonymous_3)
FN:60,(anonymous_4)
FN:65,(anonymous_5)
FN:78,(anonymous_6)
FN:82,(anonymous_7)
FN:98,(anonymous_8)
FN:121,(anonymous_9)
FN:127,(anonymous_10)
FN:146,(anonymous_11)
FN:177,(anonymous_12)
FN:217,(anonymous_13)
FN:233,(anonymous_14)
FN:237,(anonymous_15)
FN:254,(anonymous_16)
FN:273,(anonymous_17)
FN:275,(anonymous_18)
FN:288,(anonymous_19)
FN:315,(anonymous_20)
FN:324,(anonymous_21)
FN:341,(anonymous_22)
FN:353,(anonymous_23)
FN:359,(anonymous_24)
FN:392,(anonymous_25)
FN:400,(anonymous_26)
FN:407,(anonymous_27)
FN:414,(anonymous_28)
FN:420,(anonymous_29)
FN:426,(anonymous_30)
FN:438,(anonymous_31)
FN:443,(anonymous_32)
FN:453,(anonymous_33)
FN:457,(anonymous_34)
FN:458,(anonymous_35)
FN:462,(anonymous_36)
FN:467,(anonymous_37)
FN:484,(anonymous_38)
FN:491,(anonymous_39)
FNF:40
FNH:0
FNDA:0,(anonymous_0)
FNDA:0,(anonymous_1)
FNDA:0,(anonymous_2)
FNDA:0,(anonymous_3)
FNDA:0,(anonymous_4)
FNDA:0,(anonymous_5)
FNDA:0,(anonymous_6)
FNDA:0,(anonymous_7)
FNDA:0,(anonymous_8)
FNDA:0,(anonymous_9)
FNDA:0,(anonymous_10)
FNDA:0,(anonymous_11)
FNDA:0,(anonymous_12)
FNDA:0,(anonymous_13)
FNDA:0,(anonymous_14)
FNDA:0,(anonymous_15)
FNDA:0,(anonymous_16)
FNDA:0,(anonymous_17)
FNDA:0,(anonymous_18)
FNDA:0,(anonymous_19)
FNDA:0,(anonymous_20)
FNDA:0,(anonymous_21)
FNDA:0,(anonymous_22)
FNDA:0,(anonymous_23)
FNDA:0,(anonymous_24)
FNDA:0,(anonymous_25)
FNDA:0,(anonymous_26)
FNDA:0,(anonymous_27)
FNDA:0,(anonymous_28)
FNDA:0,(anonymous_29)
FNDA:0,(anonymous_30)
FNDA:0,(anonymous_31)
FNDA:0,(anonymous_32)
FNDA:0,(anonymous_33)
FNDA:0,(anonymous_34)
FNDA:0,(anonymous_35)
FNDA:0,(anonymous_36)
FNDA:0,(anonymous_37)
FNDA:0,(anonymous_38)
FNDA:0,(anonymous_39)
DA:14,0
DA:15,0
DA:16,0
DA:17,0
DA:21,0
DA:22,0
DA:25,0
DA:26,0
DA:27,0
DA:31,0
DA:32,0
DA:36,0
DA:42,0
DA:43,0
DA:47,0
DA:48,0
DA:51,0
DA:52,0
DA:56,0
DA:57,0
DA:61,0
DA:62,0
DA:66,0
DA:67,0
DA:70,0
DA:71,0
DA:72,0
DA:75,0
DA:79,0
DA:83,0
DA:84,0
DA:86,0
DA:87,0
DA:88,0
DA:89,0
DA:93,0
DA:94,0
DA:99,0
DA:100,0
DA:102,0
DA:103,0
DA:104,0
DA:108,0
DA:122,0
DA:123,0
DA:124,0
DA:128,0
DA:129,0
DA:130,0
DA:131,0
DA:137,0
DA:138,0
DA:147,0
DA:148,0
DA:150,0
DA:151,0
DA:154,0
DA:155,0
DA:156,0
DA:159,0
DA:160,0
DA:162,0
DA:163,0
DA:167,0
DA:168,0
DA:170,0
DA:172,0
DA:173,0
DA:178,0
DA:179,0
DA:181,0
DA:182,0
DA:185,0
DA:186,0
DA:190,0
DA:191,0
DA:194,0
DA:195,0
DA:205,0
DA:206,0
DA:208,0
DA:210,0
DA:212,0
DA:213,0
DA:218,0
DA:219,0
DA:221,0
DA:222,0
DA:223,0
DA:224,0
DA:225,0
DA:226,0
DA:229,0
DA:234,0
DA:235,0
DA:237,0
DA:238,0
DA:239,0
DA:242,0
DA:248,0
DA:250,0
DA:255,0
DA:256,0
DA:258,0
DA:259,0
DA:262,0
DA:263,0
DA:264,0
DA:267,0
DA:269,0
DA:274,0
DA:275,0
DA:277,0
DA:278,0
DA:279,0
DA:280,0
DA:282,0
DA:283,0
DA:289,0
DA:290,0
DA:292,0
DA:293,0
DA:295,0
DA:296,0
DA:297,0
DA:301,0
DA:302,0
DA:305,0
DA:306,0
DA:308,0
DA:310,0
DA:311,0
DA:316,0
DA:317,0
DA:318,0
DA:320,0
DA:325,0
DA:327,0
DA:342,0
DA:346,0
DA:350,0
DA:354,0
DA:355,0
DA:356,0
DA:360,0
DA:363,0
DA:364,0
DA:365,0
DA:369,0
DA:370,0
DA:372,0
DA:373,0
DA:377,0
DA:378,0
DA:379,0
DA:380,0
DA:381,0
DA:382,0
DA:385,0
DA:389,0
DA:393,0
DA:396,0
DA:397,0
DA:401,0
DA:403,0
DA:404,0
DA:408,0
DA:410,0
DA:411,0
DA:415,0
DA:417,0
DA:421,0
DA:423,0
DA:427,0
DA:439,0
DA:440,0
DA:444,0
DA:449,0
DA:450,0
DA:454,0
DA:458,0
DA:459,0
DA:463,0
DA:464,0
DA:467,0
DA:468,0
DA:469,0
DA:470,0
DA:471,0
DA:472,0
DA:475,0
DA:476,0
DA:479,0
DA:485,0
DA:486,0
DA:487,0
DA:492,0
DA:493,0
DA:494,0
DA:496,0
DA:501,0
DA:504,0
DA:510,0
DA:516,0
DA:523,0
LF:205
LH:0
BRDA:13,0,0,0
BRDA:13,1,0,0
BRDA:22,2,0,0
BRDA:22,2,1,0
BRDA:25,3,0,0
BRDA:25,3,1,0
BRDA:42,4,0,0
BRDA:42,4,1,0
BRDA:47,5,0,0
BRDA:47,5,1,0
BRDA:67,6,0,0
BRDA:67,6,1,0
BRDA:70,7,0,0
BRDA:70,7,1,0
BRDA:87,8,0,0
BRDA:87,8,1,0
BRDA:93,9,0,0
BRDA:93,9,1,0
BRDA:103,10,0,0
BRDA:103,10,1,0
BRDA:121,11,0,0
BRDA:121,12,0,0
BRDA:131,13,0,0
BRDA:131,13,1,0
BRDA:148,14,0,0
BRDA:148,14,1,0
BRDA:151,15,0,0
BRDA:151,15,1,0
BRDA:154,16,0,0
BRDA:154,16,1,0
BRDA:154,17,0,0
BRDA:154,17,1,0
BRDA:160,18,0,0
BRDA:160,18,1,0
BRDA:177,19,0,0
BRDA:179,20,0,0
BRDA:179,20,1,0
BRDA:185,21,0,0
BRDA:185,21,1,0
BRDA:200,22,0,0
BRDA:200,22,1,0
BRDA:205,23,0,0
BRDA:205,23,1,0
BRDA:219,24,0,0
BRDA:219,24,1,0
BRDA:222,25,0,0
BRDA:222,25,1,0
BRDA:235,26,0,0
BRDA:235,26,1,0
BRDA:238,27,0,0
BRDA:238,27,1,0
BRDA:256,28,0,0
BRDA:256,28,1,0
BRDA:259,29,0,0
BRDA:259,29,1,0
BRDA:262,30,0,0
BRDA:262,30,1,0
BRDA:262,31,0,0
BRDA:262,31,1,0
BRDA:282,32,0,0
BRDA:282,32,1,0
BRDA:290,33,0,0
BRDA:290,33,1,0
BRDA:296,34,0,0
BRDA:296,34,1,0
BRDA:296,35,0,0
BRDA:296,35,1,0
BRDA:325,36,0,0
BRDA:325,36,1,0
BRDA:341,37,0,0
BRDA:343,38,0,0
BRDA:343,38,1,0
BRDA:344,39,0,0
BRDA:344,39,1,0
BRDA:347,40,0,0
BRDA:347,40,1,0
BRDA:348,41,0,0
BRDA:348,41,1,0
BRDA:354,42,0,0
BRDA:354,42,1,0
BRDA:359,43,0,0
BRDA:360,44,0,0
BRDA:360,44,1,0
BRDA:364,45,0,0
BRDA:364,45,1,0
BRDA:370,46,0,0
BRDA:370,46,1,0
BRDA:377,47,0,0
BRDA:377,47,1,0
BRDA:380,48,0,0
BRDA:380,48,1,0
BRDA:393,49,0,0
BRDA:393,49,1,0
BRDA:401,50,0,0
BRDA:401,50,1,0
BRDA:408,51,0,0
BRDA:408,51,1,0
BRDA:415,52,0,0
BRDA:415,52,1,0
BRDA:417,53,0,0
BRDA:417,53,1,0
BRDA:421,54,0,0
BRDA:421,54,1,0
BRDA:443,55,0,0
BRDA:462,56,0,0
BRDA:463,57,0,0
BRDA:463,57,1,0
BRDA:475,58,0,0
BRDA:475,58,1,0
BRDA:485,59,0,0
BRDA:485,59,1,0
BRF:111
BRH:0
end_of_record
TN:
SF:utils\demoData.jsx
FN:3,(anonymous_0)
FN:235,(anonymous_1)
FN:245,(anonymous_2)
FNF:3
FNH:0
FNDA:0,(anonymous_0)
FNDA:0,(anonymous_1)
FNDA:0,(anonymous_2)
DA:3,0
DA:4,0
DA:5,0
DA:8,0
DA:126,0
DA:127,0
DA:128,0
DA:130,0
DA:137,0
DA:138,0
DA:213,0
DA:214,0
DA:217,0
DA:218,0
DA:219,0
DA:220,0
DA:222,0
DA:229,0
DA:230,0
DA:235,0
DA:236,0
DA:237,0
DA:240,0
DA:242,0
DA:243,0
DA:244,0
DA:245,0
DA:246,0
DA:249,0
DA:250,0
DA:252,0
DA:253,0
DA:254,0
DA:255,0
DA:256,0
DA:258,0
DA:259,0
DA:262,0
DA:263,0
LF:39
LH:0
BRF:0
BRH:0
end_of_record
TN:
SF:utils\errorHandler.js
FN:70,(anonymous_0)
FN:80,(anonymous_1)
FN:97,(anonymous_2)
FN:160,(anonymous_3)
FN:168,(anonymous_4)
FN:202,(anonymous_5)
FN:203,(anonymous_6)
FN:230,(anonymous_7)
FN:233,(anonymous_8)
FN:236,(anonymous_9)
FN:239,(anonymous_10)
FN:245,(anonymous_11)
FNF:12
FNH:0
FNDA:0,(anonymous_0)
FNDA:0,(anonymous_1)
FNDA:0,(anonymous_2)
FNDA:0,(anonymous_3)
FNDA:0,(anonymous_4)
FNDA:0,(anonymous_5)
FNDA:0,(anonymous_6)
FNDA:0,(anonymous_7)
FNDA:0,(anonymous_8)
FNDA:0,(anonymous_9)
FNDA:0,(anonymous_10)
FNDA:0,(anonymous_11)
DA:9,0
DA:17,0
DA:28,0
DA:71,0
DA:72,0
DA:73,0
DA:74,0
DA:75,0
DA:76,0
DA:77,0
DA:81,0
DA:97,0
DA:98,0
DA:100,0
DA:101,0
DA:104,0
DA:111,0
DA:115,0
DA:121,0
DA:125,0
DA:131,0
DA:135,0
DA:141,0
DA:145,0
DA:146,0
DA:150,0
DA:151,0
DA:154,0
DA:160,0
DA:161,0
DA:162,0
DA:168,0
DA:169,0
DA:182,0
DA:183,0
DA:184,0
DA:185,0
DA:186,0
DA:187,0
DA:191,0
DA:196,0
DA:202,0
DA:203,0
DA:204,0
DA:205,0
DA:207,0
DA:214,0
DA:216,0
DA:217,0
DA:222,0
DA:230,0
DA:231,0
DA:233,0
DA:234,0
DA:236,0
DA:237,0
DA:239,0
DA:240,0
DA:245,0
LF:59
LH:0
BRDA:70,0,0,0
BRDA:70,1,0,0
BRDA:70,2,0,0
BRDA:77,3,0,0
BRDA:77,3,1,0
BRDA:98,4,0,0
BRDA:98,4,1,0
BRDA:100,5,0,0
BRDA:100,5,1,0
BRDA:101,6,0,0
BRDA:101,6,1,0
BRDA:104,7,0,0
BRDA:104,7,1,0
BRDA:105,8,0,0
BRDA:105,8,1,0
BRDA:105,8,2,0
BRDA:105,8,3,0
BRDA:105,8,4,0
BRDA:115,9,0,0
BRDA:115,9,1,0
BRDA:116,10,0,0
BRDA:116,10,1,0
BRDA:116,10,2,0
BRDA:116,10,3,0
BRDA:125,11,0,0
BRDA:125,11,1,0
BRDA:126,12,0,0
BRDA:126,12,1,0
BRDA:126,12,2,0
BRDA:126,12,3,0
BRDA:135,13,0,0
BRDA:135,13,1,0
BRDA:136,14,0,0
BRDA:136,14,1,0
BRDA:136,14,2,0
BRDA:136,14,3,0
BRDA:145,15,0,0
BRDA:145,15,1,0
BRDA:145,16,0,0
BRDA:145,16,1,0
BRDA:150,17,0,0
BRDA:150,17,1,0
BRDA:150,18,0,0
BRDA:150,18,1,0
BRDA:161,19,0,0
BRDA:161,19,1,0
BRDA:162,20,0,0
BRDA:162,20,1,0
BRDA:168,21,0,0
BRDA:168,22,0,0
BRDA:172,23,0,0
BRDA:172,23,1,0
BRDA:173,24,0,0
BRDA:173,24,1,0
BRDA:174,25,0,0
BRDA:174,25,1,0
BRDA:178,26,0,0
BRDA:178,26,1,0
BRDA:182,27,0,0
BRDA:182,27,1,0
BRDA:191,28,0,0
BRDA:191,28,1,0
BRDA:191,29,0,0
BRDA:191,29,1,0
BRDA:202,30,0,0
BRDA:202,31,0,0
BRDA:207,32,0,0
BRDA:207,32,1,0
BRDA:216,33,0,0
BRDA:216,33,1,0
BRF:70
BRH:0
end_of_record
TN:
SF:utils\errorHandling.jsx
FN:27,classifyError
FN:84,getUserFriendlyMessage
FN:92,logError
FN:116,withErrorHandling
FN:135,(anonymous_4)
FN:136,(anonymous_5)
FN:165,(anonymous_6)
FN:198,withDataFetching
FN:203,(anonymous_8)
FN:208,withDataMutation
FNF:10
FNH:0
FNDA:0,classifyError
FNDA:0,getUserFriendlyMessage
FNDA:0,logError
FNDA:0,withErrorHandling
FNDA:0,(anonymous_4)
FNDA:0,(anonymous_5)
FNDA:0,(anonymous_6)
FNDA:0,withDataFetching
FNDA:0,(anonymous_8)
FNDA:0,withDataMutation
DA:5,0
DA:16,0
DA:28,0
DA:30,0
DA:31,0
DA:34,0
DA:39,0
DA:43,0
DA:46,0
DA:50,0
DA:54,0
DA:58,0
DA:62,0
DA:66,0
DA:70,0
DA:74,0
DA:77,0
DA:80,0
DA:85,0
DA:87,0
DA:88,0
DA:93,0
DA:107,0
DA:112,0
DA:128,0
DA:130,0
DA:132,0
DA:133,0
DA:135,0
DA:136,0
DA:140,0
DA:146,0
DA:147,0
DA:150,0
DA:153,0
DA:156,0
DA:162,0
DA:163,0
DA:164,0
DA:165,0
DA:166,0
DA:170,0
DA:171,0
DA:173,0
DA:175,0
DA:176,0
DA:181,0
DA:183,0
DA:187,0
DA:188,0
DA:189,0
DA:192,0
DA:199,0
DA:203,0
DA:209,0
DA:215,0
DA:216,0
DA:219,0
LF:58
LH:0
BRDA:28,0,0,0
BRDA:28,0,1,0
BRDA:30,1,0,0
BRDA:30,1,1,0
BRDA:31,2,0,0
BRDA:31,2,1,0
BRDA:34,3,0,0
BRDA:34,3,1,0
BRDA:34,4,0,0
BRDA:34,4,1,0
BRDA:34,4,2,0
BRDA:34,4,3,0
BRDA:34,4,4,0
BRDA:43,5,0,0
BRDA:43,5,1,0
BRDA:43,6,0,0
BRDA:43,6,1,0
BRDA:43,6,2,0
BRDA:50,7,0,0
BRDA:50,7,1,0
BRDA:50,8,0,0
BRDA:50,8,1,0
BRDA:50,8,2,0
BRDA:50,8,3,0
BRDA:58,9,0,0
BRDA:58,9,1,0
BRDA:58,10,0,0
BRDA:58,10,1,0
BRDA:58,10,2,0
BRDA:58,10,3,0
BRDA:66,11,0,0
BRDA:66,11,1,0
BRDA:66,12,0,0
BRDA:66,12,1,0
BRDA:66,12,2,0
BRDA:66,12,3,0
BRDA:74,13,0,0
BRDA:74,13,1,0
BRDA:74,14,0,0
BRDA:74,14,1,0
BRDA:74,14,2,0
BRDA:84,15,0,0
BRDA:85,16,0,0
BRDA:85,16,1,0
BRDA:92,17,0,0
BRDA:97,18,0,0
BRDA:97,18,1,0
BRDA:99,19,0,0
BRDA:99,19,1,0
BRDA:103,20,0,0
BRDA:103,20,1,0
BRDA:104,21,0,0
BRDA:104,21,1,0
BRDA:118,22,0,0
BRDA:119,23,0,0
BRDA:122,24,0,0
BRDA:123,25,0,0
BRDA:124,26,0,0
BRDA:125,27,0,0
BRDA:126,28,0,0
BRDA:127,29,0,0
BRDA:146,30,0,0
BRDA:146,30,1,0
BRDA:146,31,0,0
BRDA:146,31,1,0
BRDA:162,32,0,0
BRDA:162,32,1,0
BRDA:173,33,0,0
BRDA:173,33,1,0
BRDA:175,34,0,0
BRDA:175,34,1,0
BRDA:181,35,0,0
BRDA:181,35,1,0
BRDA:187,36,0,0
BRDA:187,36,1,0
BRDA:198,37,0,0
BRDA:203,38,0,0
BRDA:203,38,1,0
BRDA:208,39,0,0
BRDA:215,40,0,0
BRDA:215,40,1,0
BRF:81
BRH:0
end_of_record
TN:
SF:utils\essentialStorage.jsx
FN:23,(anonymous_0)
FN:27,(anonymous_1)
FN:32,(anonymous_2)
FN:36,(anonymous_3)
FN:42,(anonymous_4)
FN:46,(anonymous_5)
FN:51,(anonymous_6)
FN:59,(anonymous_7)
FN:63,(anonymous_8)
FN:68,(anonymous_9)
FN:82,(anonymous_10)
FN:92,(anonymous_11)
FN:98,(anonymous_12)
FN:102,(anonymous_13)
FN:108,(anonymous_14)
FN:112,(anonymous_15)
FN:119,(anonymous_16)
FN:125,(anonymous_17)
FN:130,(anonymous_18)
FN:139,(anonymous_19)
FN:150,(anonymous_20)
FN:159,(anonymous_21)
FNF:22
FNH:0
FNDA:0,(anonymous_0)
FNDA:0,(anonymous_1)
FNDA:0,(anonymous_2)
FNDA:0,(anonymous_3)
FNDA:0,(anonymous_4)
FNDA:0,(anonymous_5)
FNDA:0,(anonymous_6)
FNDA:0,(anonymous_7)
FNDA:0,(anonymous_8)
FNDA:0,(anonymous_9)
FNDA:0,(anonymous_10)
FNDA:0,(anonymous_11)
FNDA:0,(anonymous_12)
FNDA:0,(anonymous_13)
FNDA:0,(anonymous_14)
FNDA:0,(anonymous_15)
FNDA:0,(anonymous_16)
FNDA:0,(anonymous_17)
FNDA:0,(anonymous_18)
FNDA:0,(anonymous_19)
FNDA:0,(anonymous_20)
FNDA:0,(anonymous_21)
DA:4,0
DA:24,0
DA:28,0
DA:29,0
DA:33,0
DA:37,0
DA:43,0
DA:47,0
DA:48,0
DA:52,0
DA:53,0
DA:54,0
DA:60,0
DA:64,0
DA:65,0
DA:69,0
DA:70,0
DA:71,0
DA:76,0
DA:78,0
DA:83,0
DA:84,0
DA:85,0
DA:87,0
DA:88,0
DA:93,0
DA:99,0
DA:103,0
DA:109,0
DA:113,0
DA:114,0
DA:120,0
DA:121,0
DA:122,0
DA:126,0
DA:127,0
DA:131,0
DA:132,0
DA:133,0
DA:135,0
DA:140,0
DA:141,0
DA:143,0
DA:144,0
DA:145,0
DA:151,0
DA:152,0
DA:153,0
DA:155,0
DA:160,0
DA:161,0
DA:162,0
DA:163,0
DA:164,0
DA:166,0
DA:169,0
LF:56
LH:0
BRDA:23,0,0,0
BRDA:32,1,0,0
BRDA:48,2,0,0
BRDA:48,2,1,0
BRDA:85,3,0,0
BRDA:85,3,1,0
BRDA:108,4,0,0
BRDA:119,5,0,0
BRDA:133,6,0,0
BRDA:133,6,1,0
BRDA:139,7,0,0
BRDA:141,8,0,0
BRDA:141,8,1,0
BRDA:164,9,0,0
BRDA:164,9,1,0
BRF:15
BRH:0
end_of_record
TN:
SF:utils\exportUtils.jsx
FN:7,(anonymous_0)
FN:31,(anonymous_1)
FN:51,(anonymous_2)
FN:93,(anonymous_3)
FN:141,(anonymous_4)
FN:151,(anonymous_5)
FN:163,(anonymous_6)
FN:209,(anonymous_7)
FN:219,(anonymous_8)
FN:225,(anonymous_9)
FN:246,(anonymous_10)
FN:247,(anonymous_11)
FN:248,(anonymous_12)
FN:249,(anonymous_13)
FN:250,(anonymous_14)
FN:303,(anonymous_15)
FN:324,(anonymous_16)
FN:326,(anonymous_17)
FN:331,(anonymous_18)
FN:334,(anonymous_19)
FN:340,(anonymous_20)
FN:347,(anonymous_21)
FN:348,(anonymous_22)
FN:357,(anonymous_23)
FNF:24
FNH:0
FNDA:0,(anonymous_0)
FNDA:0,(anonymous_1)
FNDA:0,(anonymous_2)
FNDA:0,(anonymous_3)
FNDA:0,(anonymous_4)
FNDA:0,(anonymous_5)
FNDA:0,(anonymous_6)
FNDA:0,(anonymous_7)
FNDA:0,(anonymous_8)
FNDA:0,(anonymous_9)
FNDA:0,(anonymous_10)
FNDA:0,(anonymous_11)
FNDA:0,(anonymous_12)
FNDA:0,(anonymous_13)
FNDA:0,(anonymous_14)
FNDA:0,(anonymous_15)
FNDA:0,(anonymous_16)
FNDA:0,(anonymous_17)
FNDA:0,(anonymous_18)
FNDA:0,(anonymous_19)
FNDA:0,(anonymous_20)
FNDA:0,(anonymous_21)
FNDA:0,(anonymous_22)
FNDA:0,(anonymous_23)
DA:7,0
DA:8,0
DA:9,0
DA:16,0
DA:25,0
DA:26,0
DA:31,0
DA:32,0
DA:33,0
DA:34,0
DA:43,0
DA:45,0
DA:46,0
DA:51,0
DA:52,0
DA:53,0
DA:54,0
DA:55,0
DA:58,0
DA:59,0
DA:61,0
DA:64,0
DA:65,0
DA:71,0
DA:78,0
DA:84,0
DA:85,0
DA:93,0
DA:94,0
DA:95,0
DA:100,0
DA:101,0
DA:107,0
DA:108,0
DA:111,0
DA:112,0
DA:115,0
DA:117,0
DA:118,0
DA:129,0
DA:132,0
DA:133,0
DA:141,0
DA:142,0
DA:143,0
DA:144,0
DA:145,0
DA:148,0
DA:149,0
DA:151,0
DA:152,0
DA:155,0
DA:156,0
DA:160,0
DA:163,0
DA:164,0
DA:165,0
DA:166,0
DA:168,0
DA:181,0
DA:182,0
DA:183,0
DA:185,0
DA:187,0
DA:188,0
DA:194,0
DA:200,0
DA:201,0
DA:209,0
DA:210,0
DA:211,0
DA:212,0
DA:213,0
DA:216,0
DA:217,0
DA:219,0
DA:220,0
DA:224,0
DA:225,0
DA:226,0
DA:227,0
DA:228,0
DA:231,0
DA:232,0
DA:233,0
DA:234,0
DA:235,0
DA:238,0
DA:239,0
DA:241,0
DA:242,0
DA:245,0
DA:246,0
DA:247,0
DA:248,0
DA:249,0
DA:250,0
DA:253,0
DA:275,0
DA:276,0
DA:278,0
DA:280,0
DA:281,0
DA:287,0
DA:294,0
DA:295,0
DA:303,0
DA:304,0
DA:305,0
DA:306,0
DA:307,0
DA:309,0
DA:310,0
DA:311,0
DA:313,0
DA:314,0
DA:315,0
DA:317,0
DA:324,0
DA:325,0
DA:326,0
DA:327,0
DA:330,0
DA:331,0
DA:334,0
DA:335,0
DA:340,0
DA:341,0
DA:342,0
DA:344,0
DA:345,0
DA:347,0
DA:348,0
DA:350,0
DA:351,0
DA:353,0
DA:357,0
DA:358,0
DA:359,0
DA:360,0
DA:361,0
DA:363,0
DA:365,0
DA:371,0
DA:372,0
LF:145
LH:0
BRDA:34,0,0,0
BRDA:34,0,1,0
BRDA:54,1,0,0
BRDA:54,1,1,0
BRDA:64,2,0,0
BRDA:64,2,1,0
BRDA:100,3,0,0
BRDA:100,3,1,0
BRDA:111,4,0,0
BRDA:111,4,1,0
BRDA:111,5,0,0
BRDA:111,5,1,0
BRDA:117,6,0,0
BRDA:117,6,1,0
BRDA:122,7,0,0
BRDA:122,7,1,0
BRDA:123,8,0,0
BRDA:123,8,1,0
BRDA:124,9,0,0
BRDA:124,9,1,0
BRDA:125,10,0,0
BRDA:125,10,1,0
BRDA:141,11,0,0
BRDA:144,12,0,0
BRDA:144,12,1,0
BRDA:155,13,0,0
BRDA:155,13,1,0
BRDA:171,14,0,0
BRDA:171,14,1,0
BRDA:172,15,0,0
BRDA:172,15,1,0
BRDA:173,16,0,0
BRDA:173,16,1,0
BRDA:174,17,0,0
BRDA:174,17,1,0
BRDA:175,18,0,0
BRDA:175,18,1,0
BRDA:176,19,0,0
BRDA:176,19,1,0
BRDA:177,20,0,0
BRDA:177,20,1,0
BRDA:187,21,0,0
BRDA:187,21,1,0
BRDA:209,22,0,0
BRDA:212,23,0,0
BRDA:212,23,1,0
BRDA:227,24,0,0
BRDA:227,24,1,0
BRDA:231,25,0,0
BRDA:231,25,1,0
BRDA:232,26,0,0
BRDA:232,26,1,0
BRDA:233,27,0,0
BRDA:233,27,1,0
BRDA:234,28,0,0
BRDA:234,28,1,0
BRDA:241,29,0,0
BRDA:241,29,1,0
BRDA:280,30,0,0
BRDA:280,30,1,0
BRDA:327,31,0,0
BRDA:327,31,1,0
BRDA:342,32,0,0
BRDA:342,32,1,0
BRDA:351,33,0,0
BRDA:351,33,1,0
BRDA:351,34,0,0
BRDA:351,34,1,0
BRDA:353,35,0,0
BRDA:353,35,1,0
BRF:70
BRH:0
end_of_record
TN:
SF:utils\foodDatabaseSources.js
FN:10,(anonymous_0)
FN:15,(anonymous_1)
FN:19,(anonymous_2)
FN:20,(anonymous_3)
FN:21,(anonymous_4)
FN:22,(anonymous_5)
FN:23,(anonymous_6)
FN:24,(anonymous_7)
FN:25,(anonymous_8)
FN:39,(anonymous_9)
FN:44,(anonymous_10)
FN:58,(anonymous_11)
FN:65,(anonymous_12)
FN:102,(anonymous_13)
FN:116,(anonymous_14)
FN:131,(anonymous_15)
FN:154,(anonymous_16)
FN:163,(anonymous_17)
FN:168,(anonymous_18)
FN:196,(anonymous_19)
FN:197,(anonymous_20)
FN:201,(anonymous_21)
FN:222,(anonymous_22)
FN:227,(anonymous_23)
FN:249,(anonymous_24)
FN:264,(anonymous_25)
FNF:26
FNH:0
FNDA:0,(anonymous_0)
FNDA:0,(anonymous_1)
FNDA:0,(anonymous_2)
FNDA:0,(anonymous_3)
FNDA:0,(anonymous_4)
FNDA:0,(anonymous_5)
FNDA:0,(anonymous_6)
FNDA:0,(anonymous_7)
FNDA:0,(anonymous_8)
FNDA:0,(anonymous_9)
FNDA:0,(anonymous_10)
FNDA:0,(anonymous_11)
FNDA:0,(anonymous_12)
FNDA:0,(anonymous_13)
FNDA:0,(anonymous_14)
FNDA:0,(anonymous_15)
FNDA:0,(anonymous_16)
FNDA:0,(anonymous_17)
FNDA:0,(anonymous_18)
FNDA:0,(anonymous_19)
FNDA:0,(anonymous_20)
FNDA:0,(anonymous_21)
FNDA:0,(anonymous_22)
FNDA:0,(anonymous_23)
FNDA:0,(anonymous_24)
FNDA:0,(anonymous_25)
DA:4,0
DA:11,0
DA:12,0
DA:13,0
DA:15,0
DA:19,0
DA:20,0
DA:21,0
DA:22,0
DA:23,0
DA:24,0
DA:25,0
DA:29,0
DA:30,0
DA:40,0
DA:41,0
DA:42,0
DA:44,0
DA:58,0
DA:60,0
DA:61,0
DA:66,0
DA:67,0
DA:68,0
DA:70,0
DA:71,0
DA:72,0
DA:88,0
DA:90,0
DA:91,0
DA:103,0
DA:104,0
DA:110,0
DA:112,0
DA:115,0
DA:116,0
DA:130,0
DA:131,0
DA:144,0
DA:146,0
DA:147,0
DA:154,0
DA:155,0
DA:156,0
DA:158,0
DA:160,0
DA:161,0
DA:162,0
DA:164,0
DA:168,0
DA:170,0
DA:173,0
DA:174,0
DA:177,0
DA:178,0
DA:179,0
DA:181,0
DA:185,0
DA:186,0
DA:187,0
DA:188,0
DA:190,0
DA:196,0
DA:197,0
DA:201,0
DA:202,0
DA:203,0
DA:205,0
DA:207,0
DA:208,0
DA:210,0
DA:213,0
DA:216,0
DA:217,0
DA:222,0
DA:223,0
DA:225,0
DA:226,0
DA:227,0
DA:229,0
DA:230,0
DA:234,0
DA:235,0
DA:236,0
DA:241,0
DA:243,0
DA:244,0
DA:249,0
DA:250,0
DA:252,0
DA:257,0
DA:259,0
DA:260,0
DA:261,0
DA:264,0
DA:268,0
DA:269,0
DA:271,0
DA:272,0
DA:275,0
DA:276,0
LF:101
LH:0
BRDA:10,0,0,0
BRDA:15,1,0,0
BRDA:15,1,1,0
BRDA:18,2,0,0
BRDA:18,2,1,0
BRDA:19,3,0,0
BRDA:19,3,1,0
BRDA:20,4,0,0
BRDA:20,4,1,0
BRDA:21,5,0,0
BRDA:21,5,1,0
BRDA:22,6,0,0
BRDA:22,6,1,0
BRDA:23,7,0,0
BRDA:23,7,1,0
BRDA:24,8,0,0
BRDA:24,8,1,0
BRDA:25,9,0,0
BRDA:25,9,1,0
BRDA:39,10,0,0
BRDA:44,11,0,0
BRDA:44,11,1,0
BRDA:46,12,0,0
BRDA:46,12,1,0
BRDA:48,13,0,0
BRDA:48,13,1,0
BRDA:49,14,0,0
BRDA:49,14,1,0
BRDA:50,15,0,0
BRDA:50,15,1,0
BRDA:51,16,0,0
BRDA:51,16,1,0
BRDA:52,17,0,0
BRDA:52,17,1,0
BRDA:53,18,0,0
BRDA:53,18,1,0
BRDA:54,19,0,0
BRDA:54,19,1,0
BRDA:70,20,0,0
BRDA:70,20,1,0
BRDA:74,21,0,0
BRDA:74,21,1,0
BRDA:76,22,0,0
BRDA:76,22,1,0
BRDA:77,23,0,0
BRDA:77,23,1,0
BRDA:78,24,0,0
BRDA:78,24,1,0
BRDA:79,25,0,0
BRDA:79,25,1,0
BRDA:80,26,0,0
BRDA:80,26,1,0
BRDA:81,27,0,0
BRDA:81,27,1,0
BRDA:82,28,0,0
BRDA:82,28,1,0
BRDA:102,29,0,0
BRDA:115,30,0,0
BRDA:115,30,1,0
BRDA:130,31,0,0
BRDA:130,31,1,0
BRDA:135,32,0,0
BRDA:135,32,1,0
BRDA:136,33,0,0
BRDA:136,33,1,0
BRDA:137,34,0,0
BRDA:137,34,1,0
BRDA:138,35,0,0
BRDA:138,35,1,0
BRDA:154,36,0,0
BRDA:155,37,0,0
BRDA:155,38,0,0
BRDA:164,39,0,0
BRDA:164,39,1,0
BRDA:173,40,0,0
BRDA:173,40,1,0
BRDA:185,41,0,0
BRDA:185,41,1,0
BRDA:202,42,0,0
BRDA:202,42,1,0
BRDA:203,43,0,0
BRDA:203,43,1,0
BRDA:205,44,0,0
BRDA:205,44,1,0
BRDA:207,45,0,0
BRDA:207,45,1,0
BRDA:208,46,0,0
BRDA:208,46,1,0
BRDA:229,47,0,0
BRDA:229,47,1,0
BRDA:235,48,0,0
BRDA:235,48,1,0
BRF:92
BRH:0
end_of_record
TN:
SF:utils\globalErrorHandler.jsx
FN:6,handleGlobalError
FN:26,setupGlobalErrorHandlers
FN:30,(anonymous_2)
FN:35,(anonymous_3)
FN:47,(anonymous_4)
FN:61,(anonymous_5)
FN:62,(anonymous_6)
FN:76,removeGlobalErrorHandlers
FN:95,reportCriticalError
FNF:9
FNH:0
FNDA:0,handleGlobalError
FNDA:0,setupGlobalErrorHandlers
FNDA:0,(anonymous_2)
FNDA:0,(anonymous_3)
FNDA:0,(anonymous_4)
FNDA:0,(anonymous_5)
FNDA:0,(anonymous_6)
FNDA:0,removeGlobalErrorHandlers
FNDA:0,reportCriticalError
DA:7,0
DA:8,0
DA:11,0
DA:17,0
DA:18,0
DA:20,0
DA:23,0
DA:27,0
DA:29,0
DA:30,0
DA:31,0
DA:35,0
DA:36,0
DA:38,0
DA:40,0
DA:44,0
DA:45,0
DA:47,0
DA:48,0
DA:51,0
DA:52,0
DA:55,0
DA:59,0
DA:61,0
DA:62,0
DA:63,0
DA:64,0
DA:66,0
DA:69,0
DA:72,0
DA:77,0
DA:78,0
DA:79,0
DA:80,0
DA:81,0
DA:85,0
DA:86,0
DA:87,0
DA:90,0
DA:96,0
DA:104,0
LF:41
LH:0
BRDA:6,0,0,0
BRDA:17,1,0,0
BRDA:17,1,1,0
BRDA:29,2,0,0
BRDA:29,2,1,0
BRDA:29,3,0,0
BRDA:29,3,1,0
BRDA:31,4,0,0
BRDA:31,4,1,0
BRDA:44,5,0,0
BRDA:44,5,1,0
BRDA:44,6,0,0
BRDA:44,6,1,0
BRDA:48,7,0,0
BRDA:48,7,1,0
BRDA:51,8,0,0
BRDA:51,8,1,0
BRDA:59,9,0,0
BRDA:59,9,1,0
BRDA:61,10,0,0
BRDA:61,10,1,0
BRDA:64,11,0,0
BRDA:64,11,1,0
BRDA:78,12,0,0
BRDA:78,12,1,0
BRDA:78,13,0,0
BRDA:78,13,1,0
BRDA:85,14,0,0
BRDA:85,14,1,0
BRDA:85,15,0,0
BRDA:85,15,1,0
BRDA:95,16,0,0
BRF:32
BRH:0
end_of_record
TN:
SF:utils\healthCalculations.js
FN:11,(anonymous_0)
FN:24,(anonymous_1)
FN:65,(anonymous_2)
FN:101,(anonymous_3)
FN:119,(anonymous_4)
FN:151,(anonymous_5)
FN:230,(anonymous_6)
FN:243,(anonymous_7)
FNF:8
FNH:0
FNDA:0,(anonymous_0)
FNDA:0,(anonymous_1)
FNDA:0,(anonymous_2)
FNDA:0,(anonymous_3)
FNDA:0,(anonymous_4)
FNDA:0,(anonymous_5)
FNDA:0,(anonymous_6)
FNDA:0,(anonymous_7)
DA:11,0
DA:12,0
DA:13,0
DA:15,0
DA:16,0
DA:24,0
DA:25,0
DA:26,0
DA:32,0
DA:33,0
DA:39,0
DA:40,0
DA:47,0
DA:65,0
DA:66,0
DA:67,0
DA:72,0
DA:73,0
DA:74,0
DA:75,0
DA:78,0
DA:79,0
DA:80,0
DA:84,0
DA:92,0
DA:93,0
DA:101,0
DA:102,0
DA:103,0
DA:106,0
DA:107,0
DA:108,0
DA:110,0
DA:119,0
DA:120,0
DA:121,0
DA:125,0
DA:128,0
DA:136,0
DA:137,0
DA:140,0
DA:143,0
DA:151,0
DA:152,0
DA:154,0
DA:155,0
DA:158,0
DA:159,0
DA:160,0
DA:161,0
DA:168,0
DA:171,0
DA:172,0
DA:179,0
DA:180,0
DA:190,0
DA:191,0
DA:201,0
DA:202,0
DA:212,0
DA:213,0
DA:222,0
DA:230,0
DA:231,0
DA:232,0
DA:234,0
DA:243,0
DA:244,0
DA:246,0
DA:248,0
DA:250,0
DA:253,0
LF:72
LH:0
BRDA:12,0,0,0
BRDA:12,0,1,0
BRDA:12,1,0,0
BRDA:12,1,1,0
BRDA:12,1,2,0
BRDA:12,1,3,0
BRDA:25,2,0,0
BRDA:25,2,1,0
BRDA:32,3,0,0
BRDA:32,3,1,0
BRDA:39,4,0,0
BRDA:39,4,1,0
BRDA:66,5,0,0
BRDA:66,5,1,0
BRDA:66,6,0,0
BRDA:66,6,1,0
BRDA:66,6,2,0
BRDA:72,7,0,0
BRDA:72,7,1,0
BRDA:74,8,0,0
BRDA:74,8,1,0
BRDA:92,9,0,0
BRDA:92,9,1,0
BRDA:102,10,0,0
BRDA:102,10,1,0
BRDA:102,11,0,0
BRDA:102,11,1,0
BRDA:120,12,0,0
BRDA:120,12,1,0
BRDA:120,13,0,0
BRDA:120,13,1,0
BRDA:136,14,0,0
BRDA:136,14,1,0
BRDA:154,15,0,0
BRDA:154,15,1,0
BRDA:154,16,0,0
BRDA:154,16,1,0
BRDA:154,16,2,0
BRDA:171,17,0,0
BRDA:171,17,1,0
BRDA:179,18,0,0
BRDA:179,18,1,0
BRDA:190,19,0,0
BRDA:190,19,1,0
BRDA:201,20,0,0
BRDA:201,20,1,0
BRDA:212,21,0,0
BRDA:212,21,1,0
BRDA:231,22,0,0
BRDA:231,22,1,0
BRDA:231,23,0,0
BRDA:231,23,1,0
BRDA:244,24,0,0
BRDA:244,24,1,0
BRDA:246,25,0,0
BRDA:246,25,1,0
BRDA:246,25,2,0
BRDA:246,25,3,0
BRF:58
BRH:0
end_of_record
TN:
SF:utils\macrooDatabase.jsx
FN:7,(anonymous_0)
FN:17,(anonymous_1)
FN:45,(anonymous_2)
FN:99,(anonymous_3)
FN:119,(anonymous_4)
FN:140,(anonymous_5)
FN:172,(anonymous_6)
FN:203,(anonymous_7)
FN:242,(anonymous_8)
FN:262,(anonymous_9)
FN:284,(anonymous_10)
FN:305,(anonymous_11)
FN:344,(anonymous_12)
FN:394,(anonymous_13)
FN:397,(anonymous_14)
FN:409,(anonymous_15)
FN:462,(anonymous_16)
FN:494,(anonymous_17)
FN:523,(anonymous_18)
FN:542,(anonymous_19)
FNF:20
FNH:0
FNDA:0,(anonymous_0)
FNDA:0,(anonymous_1)
FNDA:0,(anonymous_2)
FNDA:0,(anonymous_3)
FNDA:0,(anonymous_4)
FNDA:0,(anonymous_5)
FNDA:0,(anonymous_6)
FNDA:0,(anonymous_7)
FNDA:0,(anonymous_8)
FNDA:0,(anonymous_9)
FNDA:0,(anonymous_10)
FNDA:0,(anonymous_11)
FNDA:0,(anonymous_12)
FNDA:0,(anonymous_13)
FNDA:0,(anonymous_14)
FNDA:0,(anonymous_15)
FNDA:0,(anonymous_16)
FNDA:0,(anonymous_17)
FNDA:0,(anonymous_18)
FNDA:0,(anonymous_19)
DA:8,0
DA:18,0
DA:19,0
DA:24,0
DA:25,0
DA:27,0
DA:30,0
DA:32,0
DA:33,0
DA:35,0
DA:36,0
DA:46,0
DA:48,0
DA:55,0
DA:56,0
DA:59,0
DA:76,0
DA:81,0
DA:82,0
DA:83,0
DA:85,0
DA:87,0
DA:89,0
DA:90,0
DA:100,0
DA:101,0
DA:107,0
DA:108,0
DA:110,0
DA:111,0
DA:120,0
DA:121,0
DA:126,0
DA:127,0
DA:129,0
DA:130,0
DA:141,0
DA:142,0
DA:159,0
DA:160,0
DA:162,0
DA:163,0
DA:173,0
DA:174,0
DA:191,0
DA:192,0
DA:194,0
DA:195,0
DA:204,0
DA:206,0
DA:207,0
DA:217,0
DA:222,0
DA:223,0
DA:224,0
DA:225,0
DA:226,0
DA:228,0
DA:230,0
DA:232,0
DA:233,0
DA:243,0
DA:244,0
DA:250,0
DA:251,0
DA:253,0
DA:254,0
DA:263,0
DA:264,0
DA:269,0
DA:270,0
DA:272,0
DA:273,0
DA:285,0
DA:286,0
DA:293,0
DA:294,0
DA:296,0
DA:297,0
DA:306,0
DA:308,0
DA:316,0
DA:317,0
DA:320,0
DA:325,0
DA:326,0
DA:327,0
DA:329,0
DA:331,0
DA:333,0
DA:334,0
DA:345,0
DA:346,0
DA:352,0
DA:355,0
DA:356,0
DA:357,0
DA:358,0
DA:360,0
DA:361,0
DA:362,0
DA:364,0
DA:365,0
DA:366,0
DA:368,0
DA:369,0
DA:370,0
DA:372,0
DA:373,0
DA:374,0
DA:376,0
DA:377,0
DA:378,0
DA:382,0
DA:384,0
DA:385,0
DA:395,0
DA:397,0
DA:398,0
DA:405,0
DA:409,0
DA:410,0
DA:415,0
DA:419,0
DA:438,0
DA:446,0
DA:447,0
DA:449,0
DA:450,0
DA:463,0
DA:464,0
DA:481,0
DA:482,0
DA:484,0
DA:485,0
DA:495,0
DA:496,0
DA:512,0
DA:513,0
DA:515,0
DA:516,0
DA:524,0
DA:525,0
DA:531,0
DA:532,0
DA:534,0
DA:535,0
DA:543,0
DA:544,0
DA:549,0
DA:551,0
DA:552,0
LF:152
LH:0
BRDA:17,0,0,0
BRDA:24,1,0,0
BRDA:24,1,1,0
BRDA:32,2,0,0
BRDA:32,2,1,0
BRDA:33,3,0,0
BRDA:33,3,1,0
BRDA:45,4,0,0
BRDA:55,5,0,0
BRDA:55,5,1,0
BRDA:61,6,0,0
BRDA:61,6,1,0
BRDA:62,7,0,0
BRDA:62,7,1,0
BRDA:63,8,0,0
BRDA:63,8,1,0
BRDA:64,9,0,0
BRDA:64,9,1,0
BRDA:65,10,0,0
BRDA:65,10,1,0
BRDA:66,11,0,0
BRDA:66,11,1,0
BRDA:67,12,0,0
BRDA:67,12,1,0
BRDA:68,13,0,0
BRDA:68,13,1,0
BRDA:69,14,0,0
BRDA:69,14,1,0
BRDA:70,15,0,0
BRDA:70,15,1,0
BRDA:71,16,0,0
BRDA:71,16,1,0
BRDA:73,17,0,0
BRDA:73,17,1,0
BRDA:81,18,0,0
BRDA:81,18,1,0
BRDA:82,19,0,0
BRDA:82,19,1,0
BRDA:107,20,0,0
BRDA:107,20,1,0
BRDA:126,21,0,0
BRDA:126,21,1,0
BRDA:159,22,0,0
BRDA:159,22,1,0
BRDA:160,23,0,0
BRDA:160,23,1,0
BRDA:191,24,0,0
BRDA:191,24,1,0
BRDA:192,25,0,0
BRDA:192,25,1,0
BRDA:210,26,0,0
BRDA:210,26,1,0
BRDA:211,27,0,0
BRDA:211,27,1,0
BRDA:212,28,0,0
BRDA:212,28,1,0
BRDA:214,29,0,0
BRDA:214,29,1,0
BRDA:222,30,0,0
BRDA:222,30,1,0
BRDA:223,31,0,0
BRDA:223,31,1,0
BRDA:225,32,0,0
BRDA:225,32,1,0
BRDA:250,33,0,0
BRDA:250,33,1,0
BRDA:269,34,0,0
BRDA:269,34,1,0
BRDA:293,35,0,0
BRDA:293,35,1,0
BRDA:294,36,0,0
BRDA:294,36,1,0
BRDA:310,37,0,0
BRDA:310,37,1,0
BRDA:312,38,0,0
BRDA:312,38,1,0
BRDA:316,39,0,0
BRDA:316,39,1,0
BRDA:325,40,0,0
BRDA:325,40,1,0
BRDA:326,41,0,0
BRDA:326,41,1,0
BRDA:352,42,0,0
BRDA:352,42,1,0
BRDA:352,43,0,0
BRDA:352,43,1,0
BRDA:355,44,0,0
BRDA:355,44,1,0
BRDA:356,45,0,0
BRDA:356,45,1,0
BRDA:360,46,0,0
BRDA:360,46,1,0
BRDA:364,47,0,0
BRDA:364,47,1,0
BRDA:368,48,0,0
BRDA:368,48,1,0
BRDA:372,49,0,0
BRDA:372,49,1,0
BRDA:376,50,0,0
BRDA:376,50,1,0
BRDA:405,51,0,0
BRDA:405,51,1,0
BRDA:415,52,0,0
BRDA:415,52,1,0
BRDA:421,53,0,0
BRDA:421,53,1,0
BRDA:422,54,0,0
BRDA:422,54,1,0
BRDA:423,55,0,0
BRDA:423,55,1,0
BRDA:424,56,0,0
BRDA:424,56,1,0
BRDA:425,57,0,0
BRDA:425,57,1,0
BRDA:426,58,0,0
BRDA:426,58,1,0
BRDA:427,59,0,0
BRDA:427,59,1,0
BRDA:428,60,0,0
BRDA:428,60,1,0
BRDA:429,61,0,0
BRDA:429,61,1,0
BRDA:429,61,2,0
BRDA:429,61,3,0
BRDA:431,62,0,0
BRDA:431,62,1,0
BRDA:431,62,2,0
BRDA:432,63,0,0
BRDA:432,63,1,0
BRDA:432,63,2,0
BRDA:433,64,0,0
BRDA:433,64,1,0
BRDA:433,64,2,0
BRDA:434,65,0,0
BRDA:434,65,1,0
BRDA:434,65,2,0
BRDA:434,65,3,0
BRDA:446,66,0,0
BRDA:446,66,1,0
BRDA:481,67,0,0
BRDA:481,67,1,0
BRDA:482,68,0,0
BRDA:482,68,1,0
BRDA:501,69,0,0
BRDA:501,69,1,0
BRDA:502,70,0,0
BRDA:502,70,1,0
BRDA:503,71,0,0
BRDA:503,71,1,0
BRDA:504,72,0,0
BRDA:504,72,1,0
BRDA:505,73,0,0
BRDA:505,73,1,0
BRDA:506,74,0,0
BRDA:506,74,1,0
BRDA:512,75,0,0
BRDA:512,75,1,0
BRDA:531,76,0,0
BRDA:531,76,1,0
BRDA:532,77,0,0
BRDA:532,77,1,0
BRDA:549,78,0,0
BRDA:549,78,1,0
BRF:163
BRH:0
end_of_record
TN:
SF:utils\macrooMigration.jsx
FN:20,(anonymous_0)
FN:51,(anonymous_1)
FN:83,(anonymous_2)
FN:135,(anonymous_3)
FN:151,(anonymous_4)
FN:218,(anonymous_5)
FN:282,(anonymous_6)
FN:323,(anonymous_7)
FN:347,(anonymous_8)
FNF:9
FNH:0
FNDA:0,(anonymous_0)
FNDA:0,(anonymous_1)
FNDA:0,(anonymous_2)
FNDA:0,(anonymous_3)
FNDA:0,(anonymous_4)
FNDA:0,(anonymous_5)
FNDA:0,(anonymous_6)
FNDA:0,(anonymous_7)
FNDA:0,(anonymous_8)
DA:5,0
DA:21,0
DA:23,0
DA:25,0
DA:28,0
DA:31,0
DA:34,0
DA:37,0
DA:39,0
DA:40,0
DA:42,0
DA:43,0
DA:52,0
DA:53,0
DA:59,0
DA:60,0
DA:61,0
DA:69,0
DA:70,0
DA:74,0
DA:75,0
DA:84,0
DA:85,0
DA:87,0
DA:88,0
DA:89,0
DA:90,0
DA:93,0
DA:94,0
DA:96,0
DA:97,0
DA:99,0
DA:114,0
DA:115,0
DA:117,0
DA:118,0
DA:120,0
DA:125,0
DA:127,0
DA:128,0
DA:136,0
DA:137,0
DA:139,0
DA:140,0
DA:141,0
DA:142,0
DA:145,0
DA:146,0
DA:149,0
DA:150,0
DA:151,0
DA:152,0
DA:155,0
DA:156,0
DA:157,0
DA:158,0
DA:159,0
DA:160,0
DA:161,0
DA:164,0
DA:165,0
DA:166,0
DA:167,0
DA:171,0
DA:172,0
DA:173,0
DA:174,0
DA:178,0
DA:179,0
DA:181,0
DA:182,0
DA:183,0
DA:185,0
DA:188,0
DA:191,0
DA:201,0
DA:202,0
DA:204,0
DA:208,0
DA:210,0
DA:211,0
DA:219,0
DA:220,0
DA:222,0
DA:223,0
DA:224,0
DA:225,0
DA:228,0
DA:229,0
DA:231,0
DA:232,0
DA:234,0
DA:235,0
DA:236,0
DA:237,0
DA:238,0
DA:240,0
DA:243,0
DA:246,0
DA:247,0
DA:249,0
DA:250,0
DA:251,0
DA:252,0
DA:255,0
DA:258,0
DA:265,0
DA:266,0
DA:268,0
DA:272,0
DA:274,0
DA:275,0
DA:283,0
DA:284,0
DA:286,0
DA:287,0
DA:288,0
DA:289,0
DA:292,0
DA:293,0
DA:296,0
DA:311,0
DA:313,0
DA:315,0
DA:316,0
DA:324,0
DA:325,0
DA:327,0
DA:337,0
DA:339,0
DA:340,0
DA:348,0
DA:349,0
DA:350,0
DA:352,0
DA:354,0
DA:355,0
LF:137
LH:0
BRDA:59,0,0,0
BRDA:59,0,1,0
BRDA:69,1,0,0
BRDA:69,1,1,0
BRDA:69,2,0,0
BRDA:69,2,1,0
BRDA:74,3,0,0
BRDA:74,3,1,0
BRDA:74,4,0,0
BRDA:74,4,1,0
BRDA:88,5,0,0
BRDA:88,5,1,0
BRDA:100,6,0,0
BRDA:100,6,1,0
BRDA:101,7,0,0
BRDA:101,7,1,0
BRDA:102,8,0,0
BRDA:102,8,1,0
BRDA:103,9,0,0
BRDA:103,9,1,0
BRDA:104,10,0,0
BRDA:104,10,1,0
BRDA:105,11,0,0
BRDA:105,11,1,0
BRDA:106,12,0,0
BRDA:106,12,1,0
BRDA:107,13,0,0
BRDA:107,13,1,0
BRDA:108,14,0,0
BRDA:108,14,1,0
BRDA:109,15,0,0
BRDA:109,15,1,0
BRDA:110,16,0,0
BRDA:110,16,1,0
BRDA:111,17,0,0
BRDA:111,17,1,0
BRDA:117,18,0,0
BRDA:117,18,1,0
BRDA:117,19,0,0
BRDA:117,19,1,0
BRDA:140,20,0,0
BRDA:140,20,1,0
BRDA:158,21,0,0
BRDA:158,21,1,0
BRDA:158,21,2,0
BRDA:158,21,3,0
BRDA:158,21,4,0
BRDA:159,22,0,0
BRDA:159,22,1,0
BRDA:165,23,0,0
BRDA:165,23,1,0
BRDA:172,24,0,0
BRDA:172,24,1,0
BRDA:172,24,2,0
BRDA:173,25,0,0
BRDA:173,25,1,0
BRDA:179,26,0,0
BRDA:179,26,1,0
BRDA:179,27,0,0
BRDA:179,27,1,0
BRDA:182,28,0,0
BRDA:182,28,1,0
BRDA:195,29,0,0
BRDA:195,29,1,0
BRDA:196,30,0,0
BRDA:196,30,1,0
BRDA:196,30,2,0
BRDA:198,31,0,0
BRDA:198,31,1,0
BRDA:204,32,0,0
BRDA:204,32,1,0
BRDA:223,33,0,0
BRDA:223,33,1,0
BRDA:235,34,0,0
BRDA:235,34,1,0
BRDA:235,35,0,0
BRDA:235,35,1,0
BRDA:237,36,0,0
BRDA:237,36,1,0
BRDA:247,37,0,0
BRDA:247,37,1,0
BRDA:247,38,0,0
BRDA:247,38,1,0
BRDA:249,39,0,0
BRDA:249,39,1,0
BRDA:251,40,0,0
BRDA:251,40,1,0
BRDA:260,41,0,0
BRDA:260,41,1,0
BRDA:287,42,0,0
BRDA:287,42,1,0
BRDA:297,43,0,0
BRDA:297,43,1,0
BRDA:298,44,0,0
BRDA:298,44,1,0
BRDA:299,45,0,0
BRDA:299,45,1,0
BRDA:300,46,0,0
BRDA:300,46,1,0
BRDA:301,47,0,0
BRDA:301,47,1,0
BRDA:302,48,0,0
BRDA:302,48,1,0
BRDA:302,48,2,0
BRDA:303,49,0,0
BRDA:303,49,1,0
BRDA:304,50,0,0
BRDA:304,50,1,0
BRDA:304,50,2,0
BRDA:305,51,0,0
BRDA:305,51,1,0
BRDA:305,51,2,0
BRDA:306,52,0,0
BRDA:306,52,1,0
BRDA:306,52,2,0
BRDA:307,53,0,0
BRDA:307,53,1,0
BRDA:307,53,2,0
BRDA:308,54,0,0
BRDA:308,54,1,0
BRDA:308,54,2,0
BRDA:308,54,3,0
BRDA:352,55,0,0
BRDA:352,55,1,0
BRF:124
BRH:0
end_of_record
TN:
SF:utils\notifications.js
FN:10,requestPermissions
FN:20,scheduleDailyReminder
FNF:2
FNH:0
FNDA:0,requestPermissions
FNDA:0,scheduleDailyReminder
DA:4,0
DA:5,0
DA:7,0
DA:11,0
DA:12,0
DA:13,0
DA:14,0
DA:15,0
DA:17,0
DA:21,0
DA:23,0
DA:28,0
DA:29,0
LF:13
LH:0
BRDA:11,0,0,0
BRDA:11,0,1,0
BRDA:13,1,0,0
BRDA:13,1,1,0
BRDA:20,2,0,0
BRDA:20,3,0,0
BRDA:20,4,0,0
BRDA:21,5,0,0
BRDA:21,5,1,0
BRF:9
BRH:0
end_of_record
TN:
SF:utils\performanceMonitor.js
FN:11,(anonymous_0)
FN:46,(anonymous_1)
FN:57,(anonymous_2)
FN:59,(anonymous_3)
FN:68,(anonymous_4)
FN:72,(anonymous_5)
FN:73,(anonymous_6)
FN:81,(anonymous_7)
FN:82,(anonymous_8)
FN:90,(anonymous_9)
FN:91,(anonymous_10)
FN:106,(anonymous_11)
FN:107,(anonymous_12)
FN:150,(anonymous_13)
FN:154,(anonymous_14)
FN:180,(anonymous_15)
FN:192,(anonymous_16)
FN:206,(anonymous_17)
FN:219,(anonymous_18)
FN:239,(anonymous_19)
FN:258,(anonymous_20)
FN:275,(anonymous_21)
FN:294,(anonymous_22)
FN:310,(anonymous_23)
FN:316,(anonymous_24)
FN:320,(anonymous_25)
FN:325,(anonymous_26)
FN:333,(anonymous_27)
FN:338,(anonymous_28)
FN:345,(anonymous_29)
FN:359,(anonymous_30)
FN:420,(anonymous_31)
FN:442,(anonymous_32)
FN:475,(anonymous_33)
FN:476,(anonymous_34)
FN:479,(anonymous_35)
FN:495,(anonymous_36)
FN:501,(anonymous_37)
FN:507,(anonymous_38)
FNF:39
FNH:0
FNDA:0,(anonymous_0)
FNDA:0,(anonymous_1)
FNDA:0,(anonymous_2)
FNDA:0,(anonymous_3)
FNDA:0,(anonymous_4)
FNDA:0,(anonymous_5)
FNDA:0,(anonymous_6)
FNDA:0,(anonymous_7)
FNDA:0,(anonymous_8)
FNDA:0,(anonymous_9)
FNDA:0,(anonymous_10)
FNDA:0,(anonymous_11)
FNDA:0,(anonymous_12)
FNDA:0,(anonymous_13)
FNDA:0,(anonymous_14)
FNDA:0,(anonymous_15)
FNDA:0,(anonymous_16)
FNDA:0,(anonymous_17)
FNDA:0,(anonymous_18)
FNDA:0,(anonymous_19)
FNDA:0,(anonymous_20)
FNDA:0,(anonymous_21)
FNDA:0,(anonymous_22)
FNDA:0,(anonymous_23)
FNDA:0,(anonymous_24)
FNDA:0,(anonymous_25)
FNDA:0,(anonymous_26)
FNDA:0,(anonymous_27)
FNDA:0,(anonymous_28)
FNDA:0,(anonymous_29)
FNDA:0,(anonymous_30)
FNDA:0,(anonymous_31)
FNDA:0,(anonymous_32)
FNDA:0,(anonymous_33)
FNDA:0,(anonymous_34)
FNDA:0,(anonymous_35)
FNDA:0,(anonymous_36)
FNDA:0,(anonymous_37)
FNDA:0,(anonymous_38)
DA:12,0
DA:42,0
DA:43,0
DA:47,0
DA:49,0
DA:50,0
DA:51,0
DA:52,0
DA:54,0
DA:58,0
DA:59,0
DA:60,0
DA:62,0
DA:69,0
DA:71,0
DA:72,0
DA:73,0
DA:74,0
DA:77,0
DA:78,0
DA:81,0
DA:82,0
DA:83,0
DA:86,0
DA:87,0
DA:90,0
DA:91,0
DA:92,0
DA:95,0
DA:96,0
DA:99,0
DA:107,0
DA:108,0
DA:110,0
DA:111,0
DA:112,0
DA:119,0
DA:122,0
DA:123,0
DA:127,0
DA:128,0
DA:129,0
DA:132,0
DA:133,0
DA:138,0
DA:141,0
DA:144,0
DA:151,0
DA:152,0
DA:154,0
DA:155,0
DA:157,0
DA:158,0
DA:160,0
DA:161,0
DA:163,0
DA:164,0
DA:167,0
DA:168,0
DA:171,0
DA:174,0
DA:181,0
DA:193,0
DA:194,0
DA:207,0
DA:209,0
DA:220,0
DA:221,0
DA:223,0
DA:229,0
DA:230,0
DA:233,0
DA:240,0
DA:242,0
DA:248,0
DA:249,0
DA:252,0
DA:259,0
DA:267,0
DA:268,0
DA:276,0
DA:285,0
DA:286,0
DA:287,0
DA:295,0
DA:302,0
DA:303,0
DA:311,0
DA:312,0
DA:315,0
DA:316,0
DA:319,0
DA:320,0
DA:323,0
DA:324,0
DA:325,0
DA:328,0
DA:333,0
DA:338,0
DA:345,0
DA:360,0
DA:361,0
DA:364,0
DA:365,0
DA:374,0
DA:375,0
DA:383,0
DA:384,0
DA:393,0
DA:394,0
DA:395,0
DA:405,0
DA:406,0
DA:414,0
DA:421,0
DA:422,0
DA:424,0
DA:436,0
DA:443,0
DA:446,0
DA:447,0
DA:450,0
DA:451,0
DA:453,0
DA:454,0
DA:457,0
DA:458,0
DA:460,0
DA:465,0
DA:468,0
DA:469,0
DA:475,0
DA:476,0
DA:477,0
DA:479,0
DA:480,0
DA:481,0
DA:482,0
DA:485,0
DA:488,0
DA:489,0
DA:495,0
DA:496,0
DA:497,0
DA:499,0
DA:501,0
DA:502,0
DA:503,0
DA:504,0
DA:507,0
DA:508,0
DA:511,0
LF:152
LH:0
BRDA:47,0,0,0
BRDA:47,0,1,0
BRDA:71,1,0,0
BRDA:71,1,1,0
BRDA:108,2,0,0
BRDA:108,2,1,0
BRDA:111,3,0,0
BRDA:111,3,1,0
BRDA:122,4,0,0
BRDA:122,4,1,0
BRDA:128,5,0,0
BRDA:128,5,1,0
BRDA:128,6,0,0
BRDA:128,6,1,0
BRDA:132,7,0,0
BRDA:132,7,1,0
BRDA:155,8,0,0
BRDA:155,8,1,0
BRDA:160,9,0,0
BRDA:160,9,1,0
BRDA:163,10,0,0
BRDA:163,10,1,0
BRDA:193,11,0,0
BRDA:193,11,1,0
BRDA:193,12,0,0
BRDA:193,12,1,0
BRDA:221,13,0,0
BRDA:221,13,1,0
BRDA:229,14,0,0
BRDA:229,14,1,0
BRDA:240,15,0,0
BRDA:240,15,1,0
BRDA:248,16,0,0
BRDA:248,16,1,0
BRDA:258,17,0,0
BRDA:267,18,0,0
BRDA:267,18,1,0
BRDA:286,19,0,0
BRDA:286,19,1,0
BRDA:294,20,0,0
BRDA:302,21,0,0
BRDA:302,21,1,0
BRDA:315,22,0,0
BRDA:315,22,1,0
BRDA:319,23,0,0
BRDA:319,23,1,0
BRDA:332,24,0,0
BRDA:332,24,1,0
BRDA:344,25,0,0
BRDA:344,25,1,0
BRDA:364,26,0,0
BRDA:364,26,1,0
BRDA:374,27,0,0
BRDA:374,27,1,0
BRDA:383,28,0,0
BRDA:383,28,1,0
BRDA:394,29,0,0
BRDA:394,29,1,0
BRDA:397,30,0,0
BRDA:397,30,1,0
BRDA:405,31,0,0
BRDA:405,31,1,0
BRDA:446,32,0,0
BRDA:446,32,1,0
BRDA:447,33,0,0
BRDA:447,33,1,0
BRDA:450,34,0,0
BRDA:450,34,1,0
BRDA:451,35,0,0
BRDA:451,35,1,0
BRDA:453,36,0,0
BRDA:453,36,1,0
BRDA:454,37,0,0
BRDA:454,37,1,0
BRDA:468,38,0,0
BRDA:468,38,1,0
BRF:76
BRH:0
end_of_record
TN:
SF:utils\performanceOptimizations.js
FN:12,(anonymous_0)
FN:21,(anonymous_1)
FN:24,(anonymous_2)
FN:25,(anonymous_3)
FN:29,(anonymous_4)
FN:40,(anonymous_5)
FN:43,(anonymous_6)
FN:54,(anonymous_7)
FN:59,(anonymous_8)
FN:64,(anonymous_9)
FN:79,(anonymous_10)
FN:88,(anonymous_11)
FN:91,(anonymous_12)
FN:93,(anonymous_13)
FN:98,(anonymous_14)
FN:105,(anonymous_15)
FN:115,(anonymous_16)
FN:119,(anonymous_17)
FN:122,(anonymous_18)
FN:123,(anonymous_19)
FN:125,(anonymous_20)
FN:126,(anonymous_21)
FN:129,(anonymous_22)
FN:130,(anonymous_23)
FN:140,(anonymous_24)
FN:141,(anonymous_25)
FN:156,(anonymous_26)
FN:167,(anonymous_27)
FN:178,(anonymous_28)
FN:200,(anonymous_29)
FN:207,(anonymous_30)
FN:208,(anonymous_31)
FN:221,(anonymous_32)
FN:224,(anonymous_33)
FN:239,(anonymous_34)
FN:242,(anonymous_35)
FN:252,(anonymous_36)
FN:253,(anonymous_37)
FN:273,(anonymous_38)
FN:282,(anonymous_39)
FN:305,(anonymous_40)
FN:309,(anonymous_41)
FN:316,(anonymous_42)
FN:321,(anonymous_43)
FN:322,(anonymous_44)
FN:327,(anonymous_45)
FN:328,(anonymous_46)
FN:345,(anonymous_47)
FN:355,(anonymous_48)
FN:367,(anonymous_49)
FNF:50
FNH:0
FNDA:0,(anonymous_0)
FNDA:0,(anonymous_1)
FNDA:0,(anonymous_2)
FNDA:0,(anonymous_3)
FNDA:0,(anonymous_4)
FNDA:0,(anonymous_5)
FNDA:0,(anonymous_6)
FNDA:0,(anonymous_7)
FNDA:0,(anonymous_8)
FNDA:0,(anonymous_9)
FNDA:0,(anonymous_10)
FNDA:0,(anonymous_11)
FNDA:0,(anonymous_12)
FNDA:0,(anonymous_13)
FNDA:0,(anonymous_14)
FNDA:0,(anonymous_15)
FNDA:0,(anonymous_16)
FNDA:0,(anonymous_17)
FNDA:0,(anonymous_18)
FNDA:0,(anonymous_19)
FNDA:0,(anonymous_20)
FNDA:0,(anonymous_21)
FNDA:0,(anonymous_22)
FNDA:0,(anonymous_23)
FNDA:0,(anonymous_24)
FNDA:0,(anonymous_25)
FNDA:0,(anonymous_26)
FNDA:0,(anonymous_27)
FNDA:0,(anonymous_28)
FNDA:0,(anonymous_29)
FNDA:0,(anonymous_30)
FNDA:0,(anonymous_31)
FNDA:0,(anonymous_32)
FNDA:0,(anonymous_33)
FNDA:0,(anonymous_34)
FNDA:0,(anonymous_35)
FNDA:0,(anonymous_36)
FNDA:0,(anonymous_37)
FNDA:0,(anonymous_38)
FNDA:0,(anonymous_39)
FNDA:0,(anonymous_40)
FNDA:0,(anonymous_41)
FNDA:0,(anonymous_42)
FNDA:0,(anonymous_43)
FNDA:0,(anonymous_44)
FNDA:0,(anonymous_45)
FNDA:0,(anonymous_46)
FNDA:0,(anonymous_47)
FNDA:0,(anonymous_48)
FNDA:0,(anonymous_49)
DA:12,0
DA:13,0
DA:14,0
DA:15,0
DA:21,0
DA:22,0
DA:24,0
DA:25,0
DA:26,0
DA:29,0
DA:30,0
DA:34,0
DA:40,0
DA:41,0
DA:43,0
DA:44,0
DA:45,0
DA:46,0
DA:54,0
DA:55,0
DA:56,0
DA:57,0
DA:59,0
DA:60,0
DA:61,0
DA:63,0
DA:65,0
DA:66,0
DA:67,0
DA:68,0
DA:77,0
DA:79,0
DA:82,0
DA:88,0
DA:89,0
DA:91,0
DA:93,0
DA:94,0
DA:98,0
DA:99,0
DA:100,0
DA:101,0
DA:105,0
DA:106,0
DA:109,0
DA:115,0
DA:116,0
DA:117,0
DA:119,0
DA:120,0
DA:122,0
DA:123,0
DA:124,0
DA:125,0
DA:126,0
DA:127,0
DA:129,0
DA:130,0
DA:131,0
DA:133,0
DA:137,0
DA:140,0
DA:141,0
DA:143,0
DA:156,0
DA:157,0
DA:158,0
DA:159,0
DA:162,0
DA:163,0
DA:164,0
DA:165,0
DA:167,0
DA:168,0
DA:170,0
DA:171,0
DA:178,0
DA:179,0
DA:180,0
DA:181,0
DA:190,0
DA:200,0
DA:201,0
DA:207,0
DA:208,0
DA:209,0
DA:210,0
DA:218,0
DA:219,0
DA:221,0
DA:224,0
DA:225,0
DA:226,0
DA:229,0
DA:239,0
DA:240,0
DA:242,0
DA:243,0
DA:244,0
DA:249,0
DA:252,0
DA:253,0
DA:260,0
DA:262,0
DA:273,0
DA:274,0
DA:275,0
DA:276,0
DA:279,0
DA:280,0
DA:282,0
DA:283,0
DA:285,0
DA:286,0
DA:287,0
DA:290,0
DA:294,0
DA:295,0
DA:298,0
DA:305,0
DA:306,0
DA:307,0
DA:309,0
DA:310,0
DA:312,0
DA:313,0
DA:316,0
DA:317,0
DA:318,0
DA:321,0
DA:322,0
DA:327,0
DA:328,0
DA:329,0
DA:330,0
DA:335,0
DA:341,0
DA:346,0
DA:347,0
DA:349,0
DA:356,0
DA:357,0
DA:359,0
DA:360,0
DA:361,0
DA:368,0
LF:146
LH:0
BRDA:14,0,0,0
BRDA:14,0,1,0
BRDA:44,1,0,0
BRDA:44,1,1,0
BRDA:54,2,0,0
BRDA:61,3,0,0
BRDA:61,3,1,0
BRDA:65,4,0,0
BRDA:65,4,1,0
BRDA:65,5,0,0
BRDA:65,5,1,0
BRDA:72,6,0,0
BRDA:72,6,1,0
BRDA:73,7,0,0
BRDA:73,7,1,0
BRDA:88,8,0,0
BRDA:99,9,0,0
BRDA:99,9,1,0
BRDA:120,10,0,0
BRDA:120,10,1,0
BRDA:170,11,0,0
BRDA:170,11,1,0
BRDA:180,12,0,0
BRDA:180,12,1,0
BRDA:200,13,0,0
BRDA:209,14,0,0
BRDA:209,14,1,0
BRDA:225,15,0,0
BRDA:225,15,1,0
BRDA:285,16,0,0
BRDA:285,16,1,0
BRDA:290,17,0,0
BRDA:290,17,1,0
BRDA:294,18,0,0
BRDA:294,18,1,0
BRDA:312,19,0,0
BRDA:312,19,1,0
BRDA:329,20,0,0
BRDA:329,20,1,0
BRDA:346,21,0,0
BRDA:346,21,1,0
BRDA:349,22,0,0
BRDA:349,22,1,0
BRDA:357,23,0,0
BRDA:357,23,1,0
BRDA:359,24,0,0
BRDA:359,24,1,0
BRDA:360,25,0,0
BRDA:360,25,1,0
BRF:49
BRH:0
end_of_record
TN:
SF:utils\responsive.js
FNF:0
FNH:0
DA:4,0
DA:7,0
DA:15,0
DA:26,0
DA:36,0
DA:64,0
DA:70,0
DA:80,0
DA:96,0
DA:130,0
LF:10
LH:0
BRDA:17,0,0,0
BRDA:17,0,1,0
BRDA:18,1,0,0
BRDA:18,1,1,0
BRDA:19,2,0,0
BRDA:19,2,1,0
BRDA:27,3,0,0
BRDA:27,3,1,0
BRDA:28,4,0,0
BRDA:28,4,1,0
BRDA:29,5,0,0
BRDA:29,5,1,0
BRDA:30,6,0,0
BRDA:30,6,1,0
BRDA:31,7,0,0
BRDA:31,7,1,0
BRDA:32,8,0,0
BRDA:32,8,1,0
BRDA:38,9,0,0
BRDA:38,9,1,0
BRDA:39,10,0,0
BRDA:39,10,1,0
BRDA:42,11,0,0
BRDA:42,11,1,0
BRDA:43,12,0,0
BRDA:43,12,1,0
BRDA:46,13,0,0
BRDA:46,13,1,0
BRDA:47,14,0,0
BRDA:47,14,1,0
BRDA:50,15,0,0
BRDA:50,15,1,0
BRDA:51,16,0,0
BRDA:51,16,1,0
BRDA:54,17,0,0
BRDA:54,17,1,0
BRDA:55,18,0,0
BRDA:55,18,1,0
BRDA:58,19,0,0
BRDA:58,19,1,0
BRDA:59,20,0,0
BRDA:59,20,1,0
BRDA:65,21,0,0
BRDA:65,21,1,0
BRDA:65,22,0,0
BRDA:65,22,1,0
BRDA:66,23,0,0
BRDA:66,23,1,0
BRDA:66,24,0,0
BRDA:66,24,1,0
BRDA:75,25,0,0
BRDA:75,25,1,0
BRDA:76,26,0,0
BRDA:76,26,1,0
BRDA:82,27,0,0
BRDA:82,27,1,0
BRDA:83,28,0,0
BRDA:83,28,1,0
BRDA:87,29,0,0
BRDA:87,29,1,0
BRDA:91,30,0,0
BRDA:91,30,1,0
BRF:62
BRH:0
end_of_record
TN:
SF:utils\storage.jsx
FN:15,(anonymous_0)
FN:25,(anonymous_1)
FN:36,(anonymous_2)
FN:37,(anonymous_3)
FN:45,(anonymous_4)
FN:66,(anonymous_5)
FN:80,(anonymous_6)
FN:90,(anonymous_7)
FN:95,(anonymous_8)
FN:104,(anonymous_9)
FN:106,(anonymous_10)
FN:109,(anonymous_11)
FN:121,(anonymous_12)
FN:129,(anonymous_13)
FN:149,(anonymous_14)
FN:151,(anonymous_15)
FN:156,(anonymous_16)
FN:161,(anonymous_17)
FN:170,(anonymous_18)
FN:181,(anonymous_19)
FN:192,(anonymous_20)
FN:196,(anonymous_21)
FN:203,(anonymous_22)
FN:225,(anonymous_23)
FN:243,(anonymous_24)
FN:254,(anonymous_25)
FN:262,(anonymous_26)
FN:280,(anonymous_27)
FN:284,(anonymous_28)
FN:292,(anonymous_29)
FN:310,(anonymous_30)
FN:321,(anonymous_31)
FN:329,(anonymous_32)
FN:340,(anonymous_33)
FN:380,(anonymous_34)
FN:381,(anonymous_35)
FN:397,(anonymous_36)
FN:398,(anonymous_37)
FN:404,(anonymous_38)
FN:405,(anonymous_39)
FN:409,(anonymous_40)
FN:417,(anonymous_41)
FN:418,(anonymous_42)
FN:424,(anonymous_43)
FN:425,(anonymous_44)
FN:427,(anonymous_45)
FN:449,(anonymous_46)
FN:450,(anonymous_47)
FN:456,(anonymous_48)
FN:457,(anonymous_49)
FN:459,(anonymous_50)
FN:475,(anonymous_51)
FN:476,(anonymous_52)
FN:482,(anonymous_53)
FN:483,(anonymous_54)
FN:490,(anonymous_55)
FN:491,(anonymous_56)
FN:496,(anonymous_57)
FN:504,(anonymous_58)
FN:505,(anonymous_59)
FN:531,(anonymous_60)
FN:532,(anonymous_61)
FNF:62
FNH:0
FNDA:0,(anonymous_0)
FNDA:0,(anonymous_1)
FNDA:0,(anonymous_2)
FNDA:0,(anonymous_3)
FNDA:0,(anonymous_4)
FNDA:0,(anonymous_5)
FNDA:0,(anonymous_6)
FNDA:0,(anonymous_7)
FNDA:0,(anonymous_8)
FNDA:0,(anonymous_9)
FNDA:0,(anonymous_10)
FNDA:0,(anonymous_11)
FNDA:0,(anonymous_12)
FNDA:0,(anonymous_13)
FNDA:0,(anonymous_14)
FNDA:0,(anonymous_15)
FNDA:0,(anonymous_16)
FNDA:0,(anonymous_17)
FNDA:0,(anonymous_18)
FNDA:0,(anonymous_19)
FNDA:0,(anonymous_20)
FNDA:0,(anonymous_21)
FNDA:0,(anonymous_22)
FNDA:0,(anonymous_23)
FNDA:0,(anonymous_24)
FNDA:0,(anonymous_25)
FNDA:0,(anonymous_26)
FNDA:0,(anonymous_27)
FNDA:0,(anonymous_28)
FNDA:0,(anonymous_29)
FNDA:0,(anonymous_30)
FNDA:0,(anonymous_31)
FNDA:0,(anonymous_32)
FNDA:0,(anonymous_33)
FNDA:0,(anonymous_34)
FNDA:0,(anonymous_35)
FNDA:0,(anonymous_36)
FNDA:0,(anonymous_37)
FNDA:0,(anonymous_38)
FNDA:0,(anonymous_39)
FNDA:0,(anonymous_40)
FNDA:0,(anonymous_41)
FNDA:0,(anonymous_42)
FNDA:0,(anonymous_43)
FNDA:0,(anonymous_44)
FNDA:0,(anonymous_45)
FNDA:0,(anonymous_46)
FNDA:0,(anonymous_47)
FNDA:0,(anonymous_48)
FNDA:0,(anonymous_49)
FNDA:0,(anonymous_50)
FNDA:0,(anonymous_51)
FNDA:0,(anonymous_52)
FNDA:0,(anonymous_53)
FNDA:0,(anonymous_54)
FNDA:0,(anonymous_55)
FNDA:0,(anonymous_56)
FNDA:0,(anonymous_57)
FNDA:0,(anonymous_58)
FNDA:0,(anonymous_59)
FNDA:0,(anonymous_60)
FNDA:0,(anonymous_61)
DA:4,0
DA:5,0
DA:6,0
DA:7,0
DA:8,0
DA:9,0
DA:10,0
DA:11,0
DA:12,0
DA:15,0
DA:16,0
DA:17,0
DA:19,0
DA:20,0
DA:25,0
DA:26,0
DA:27,0
DA:28,0
DA:29,0
DA:32,0
DA:36,0
DA:37,0
DA:39,0
DA:41,0
DA:42,0
DA:45,0
DA:46,0
DA:47,0
DA:51,0
DA:58,0
DA:59,0
DA:61,0
DA:66,0
DA:67,0
DA:68,0
DA:69,0
DA:71,0
DA:72,0
DA:77,0
DA:80,0
DA:81,0
DA:83,0
DA:84,0
DA:87,0
DA:88,0
DA:89,0
DA:91,0
DA:95,0
DA:97,0
DA:101,0
DA:102,0
DA:103,0
DA:105,0
DA:106,0
DA:109,0
DA:111,0
DA:115,0
DA:116,0
DA:117,0
DA:118,0
DA:121,0
DA:123,0
DA:128,0
DA:130,0
DA:133,0
DA:134,0
DA:135,0
DA:138,0
DA:139,0
DA:140,0
DA:145,0
DA:147,0
DA:148,0
DA:149,0
DA:151,0
DA:156,0
DA:157,0
DA:158,0
DA:159,0
DA:161,0
DA:164,0
DA:166,0
DA:170,0
DA:171,0
DA:172,0
DA:173,0
DA:175,0
DA:176,0
DA:181,0
DA:182,0
DA:183,0
DA:184,0
DA:186,0
DA:187,0
DA:192,0
DA:193,0
DA:194,0
DA:195,0
DA:196,0
DA:197,0
DA:199,0
DA:203,0
DA:204,0
DA:205,0
DA:206,0
DA:207,0
DA:208,0
DA:209,0
DA:210,0
DA:211,0
DA:213,0
DA:216,0
DA:217,0
DA:219,0
DA:220,0
DA:225,0
DA:226,0
DA:227,0
DA:228,0
DA:230,0
DA:235,0
DA:236,0
DA:238,0
DA:243,0
DA:244,0
DA:245,0
DA:246,0
DA:248,0
DA:249,0
DA:254,0
DA:255,0
DA:256,0
DA:258,0
DA:262,0
DA:263,0
DA:264,0
DA:265,0
DA:266,0
DA:267,0
DA:268,0
DA:269,0
DA:270,0
DA:272,0
DA:273,0
DA:275,0
DA:276,0
DA:280,0
DA:281,0
DA:282,0
DA:283,0
DA:284,0
DA:285,0
DA:287,0
DA:292,0
DA:293,0
DA:294,0
DA:295,0
DA:297,0
DA:302,0
DA:303,0
DA:305,0
DA:310,0
DA:311,0
DA:312,0
DA:313,0
DA:315,0
DA:316,0
DA:321,0
DA:322,0
DA:323,0
DA:325,0
DA:329,0
DA:330,0
DA:331,0
DA:332,0
DA:334,0
DA:335,0
DA:340,0
DA:341,0
DA:342,0
DA:345,0
DA:346,0
DA:348,0
DA:351,0
DA:352,0
DA:354,0
DA:358,0
DA:360,0
DA:367,0
DA:370,0
DA:371,0
DA:372,0
DA:373,0
DA:376,0
DA:380,0
DA:381,0
DA:382,0
DA:383,0
DA:385,0
DA:391,0
DA:392,0
DA:393,0
DA:397,0
DA:398,0
DA:399,0
DA:400,0
DA:404,0
DA:405,0
DA:406,0
DA:407,0
DA:409,0
DA:410,0
DA:412,0
DA:417,0
DA:418,0
DA:419,0
DA:420,0
DA:424,0
DA:425,0
DA:426,0
DA:427,0
DA:428,0
DA:429,0
DA:430,0
DA:432,0
DA:440,0
DA:443,0
DA:444,0
DA:449,0
DA:450,0
DA:451,0
DA:452,0
DA:456,0
DA:457,0
DA:458,0
DA:459,0
DA:460,0
DA:461,0
DA:466,0
DA:469,0
DA:470,0
DA:475,0
DA:476,0
DA:477,0
DA:478,0
DA:482,0
DA:483,0
DA:484,0
DA:485,0
DA:490,0
DA:491,0
DA:492,0
DA:493,0
DA:495,0
DA:496,0
DA:497,0
DA:504,0
DA:505,0
DA:506,0
DA:515,0
DA:531,0
DA:532,0
DA:533,0
DA:534,0
DA:537,0
DA:540,0
DA:541,0
DA:542,0
DA:543,0
DA:544,0
DA:545,0
DA:547,0
LF:272
LH:0
BRDA:15,0,0,0
BRDA:26,1,0,0
BRDA:26,1,1,0
BRDA:28,2,0,0
BRDA:28,2,1,0
BRDA:42,3,0,0
BRDA:42,3,1,0
BRDA:46,4,0,0
BRDA:46,4,1,0
BRDA:55,5,0,0
BRDA:55,5,1,0
BRDA:69,6,0,0
BRDA:69,6,1,0
BRDA:80,7,0,0
BRDA:81,8,0,0
BRDA:81,9,0,0
BRDA:81,10,0,0
BRDA:87,11,0,0
BRDA:87,11,1,0
BRDA:91,12,0,0
BRDA:91,12,1,0
BRDA:101,13,0,0
BRDA:101,13,1,0
BRDA:101,14,0,0
BRDA:101,14,1,0
BRDA:105,15,0,0
BRDA:105,15,1,0
BRDA:115,16,0,0
BRDA:115,16,1,0
BRDA:115,17,0,0
BRDA:115,17,1,0
BRDA:130,18,0,0
BRDA:130,18,1,0
BRDA:133,19,0,0
BRDA:133,19,1,0
BRDA:134,20,0,0
BRDA:134,20,1,0
BRDA:135,21,0,0
BRDA:135,21,1,0
BRDA:138,22,0,0
BRDA:138,22,1,0
BRDA:139,23,0,0
BRDA:139,23,1,0
BRDA:173,24,0,0
BRDA:173,24,1,0
BRDA:195,25,0,0
BRDA:195,25,1,0
BRDA:196,26,0,0
BRDA:196,26,1,0
BRDA:206,27,0,0
BRDA:206,27,1,0
BRDA:210,28,0,0
BRDA:210,28,1,0
BRDA:210,29,0,0
BRDA:210,29,1,0
BRDA:228,30,0,0
BRDA:228,30,1,0
BRDA:246,31,0,0
BRDA:246,31,1,0
BRDA:265,32,0,0
BRDA:265,32,1,0
BRDA:269,33,0,0
BRDA:269,33,1,0
BRDA:269,34,0,0
BRDA:269,34,1,0
BRDA:283,35,0,0
BRDA:283,35,1,0
BRDA:284,36,0,0
BRDA:284,36,1,0
BRDA:295,37,0,0
BRDA:295,37,1,0
BRDA:313,38,0,0
BRDA:313,38,1,0
BRDA:332,39,0,0
BRDA:332,39,1,0
BRDA:341,40,0,0
BRDA:341,40,1,0
BRDA:345,41,0,0
BRDA:345,41,1,0
BRDA:346,42,0,0
BRDA:346,42,1,0
BRDA:348,43,0,0
BRDA:348,43,1,0
BRDA:348,44,0,0
BRDA:348,44,1,0
BRDA:348,44,2,0
BRDA:348,44,3,0
BRDA:348,44,4,0
BRDA:348,44,5,0
BRDA:351,45,0,0
BRDA:351,45,1,0
BRDA:358,46,0,0
BRDA:358,46,1,0
BRDA:358,47,0,0
BRDA:358,47,1,0
BRDA:360,48,0,0
BRDA:360,48,1,0
BRDA:370,49,0,0
BRDA:370,49,1,0
BRDA:372,50,0,0
BRDA:372,50,1,0
BRDA:383,51,0,0
BRDA:383,51,1,0
BRDA:400,52,0,0
BRDA:400,52,1,0
BRDA:407,53,0,0
BRDA:407,53,1,0
BRDA:420,54,0,0
BRDA:420,54,1,0
BRDA:428,55,0,0
BRDA:428,55,1,0
BRDA:435,56,0,0
BRDA:435,56,1,0
BRDA:435,57,0,0
BRDA:435,57,1,0
BRDA:452,58,0,0
BRDA:452,58,1,0
BRDA:460,59,0,0
BRDA:460,59,1,0
BRDA:485,60,0,0
BRDA:485,60,1,0
BRDA:493,61,0,0
BRDA:493,61,1,0
BRDA:493,62,0,0
BRDA:493,62,1,0
BRDA:497,63,0,0
BRDA:497,63,1,0
BRDA:497,63,2,0
BRDA:533,64,0,0
BRDA:533,64,1,0
BRDA:540,65,0,0
BRDA:540,65,1,0
BRDA:541,66,0,0
BRDA:541,66,1,0
BRDA:542,67,0,0
BRDA:542,67,1,0
BRDA:543,68,0,0
BRDA:543,68,1,0
BRDA:544,69,0,0
BRDA:544,69,1,0
BRDA:545,70,0,0
BRDA:545,70,1,0
BRF:142
BRH:0
end_of_record
TN:
SF:utils\supabaseClient.jsx
FNF:0
FNH:0
DA:5,0
LF:1
LH:0
BRF:0
BRH:0
end_of_record
TN:
SF:utils\supabaseStorage.jsx
FN:11,(anonymous_0)
FN:28,(anonymous_1)
FN:38,(anonymous_2)
FN:48,(anonymous_3)
FN:60,(anonymous_4)
FN:81,(anonymous_5)
FN:91,(anonymous_6)
FN:113,(anonymous_7)
FN:125,(anonymous_8)
FN:147,(anonymous_9)
FN:162,(anonymous_10)
FN:172,(anonymous_11)
FN:188,(anonymous_12)
FN:191,(anonymous_13)
FN:202,(anonymous_14)
FN:217,(anonymous_15)
FN:220,(anonymous_16)
FN:232,(anonymous_17)
FN:246,(anonymous_18)
FN:263,(anonymous_19)
FN:278,(anonymous_20)
FN:290,(anonymous_21)
FN:312,(anonymous_22)
FNF:23
FNH:0
FNDA:0,(anonymous_0)
FNDA:0,(anonymous_1)
FNDA:0,(anonymous_2)
FNDA:0,(anonymous_3)
FNDA:0,(anonymous_4)
FNDA:0,(anonymous_5)
FNDA:0,(anonymous_6)
FNDA:0,(anonymous_7)
FNDA:0,(anonymous_8)
FNDA:0,(anonymous_9)
FNDA:0,(anonymous_10)
FNDA:0,(anonymous_11)
FNDA:0,(anonymous_12)
FNDA:0,(anonymous_13)
FNDA:0,(anonymous_14)
FNDA:0,(anonymous_15)
FNDA:0,(anonymous_16)
FNDA:0,(anonymous_17)
FNDA:0,(anonymous_18)
FNDA:0,(anonymous_19)
FNDA:0,(anonymous_20)
FNDA:0,(anonymous_21)
FNDA:0,(anonymous_22)
DA:7,0
DA:11,0
DA:12,0
DA:14,0
DA:15,0
DA:16,0
DA:20,0
DA:21,0
DA:23,0
DA:24,0
DA:28,0
DA:29,0
DA:30,0
DA:31,0
DA:33,0
DA:34,0
DA:38,0
DA:39,0
DA:40,0
DA:41,0
DA:43,0
DA:44,0
DA:48,0
DA:49,0
DA:50,0
DA:51,0
DA:53,0
DA:54,0
DA:60,0
DA:61,0
DA:63,0
DA:73,0
DA:74,0
DA:76,0
DA:77,0
DA:81,0
DA:82,0
DA:84,0
DA:85,0
DA:87,0
DA:91,0
DA:106,0
DA:108,0
DA:109,0
DA:113,0
DA:114,0
DA:115,0
DA:116,0
DA:118,0
DA:119,0
DA:125,0
DA:126,0
DA:128,0
DA:129,0
DA:132,0
DA:139,0
DA:140,0
DA:142,0
DA:143,0
DA:147,0
DA:148,0
DA:149,0
DA:150,0
DA:151,0
DA:153,0
DA:155,0
DA:156,0
DA:162,0
DA:163,0
DA:164,0
DA:165,0
DA:167,0
DA:168,0
DA:172,0
DA:173,0
DA:174,0
DA:175,0
DA:177,0
DA:178,0
DA:188,0
DA:189,0
DA:190,0
DA:191,0
DA:192,0
DA:194,0
DA:195,0
DA:202,0
DA:203,0
DA:204,0
DA:206,0
DA:207,0
DA:209,0
DA:210,0
DA:217,0
DA:218,0
DA:219,0
DA:220,0
DA:221,0
DA:224,0
DA:225,0
DA:232,0
DA:233,0
DA:234,0
DA:235,0
DA:236,0
DA:238,0
DA:239,0
DA:246,0
DA:247,0
DA:248,0
DA:249,0
DA:253,0
DA:255,0
DA:256,0
DA:263,0
DA:264,0
DA:265,0
DA:266,0
DA:267,0
DA:268,0
DA:270,0
DA:271,0
DA:278,0
DA:279,0
DA:280,0
DA:282,0
DA:283,0
DA:290,0
DA:291,0
DA:292,0
DA:293,0
DA:294,0
DA:295,0
DA:302,0
DA:304,0
DA:305,0
DA:312,0
DA:313,0
DA:317,0
DA:318,0
DA:320,0
DA:324,0
DA:332,0
DA:333,0
DA:336,0
DA:337,0
DA:338,0
DA:339,0
DA:342,0
LF:149
LH:0
BRDA:15,0,0,0
BRDA:15,0,1,0
BRDA:66,1,0,0
BRDA:66,1,1,0
BRDA:67,2,0,0
BRDA:67,2,1,0
BRDA:81,3,0,0
BRDA:84,4,0,0
BRDA:84,4,1,0
BRDA:94,5,0,0
BRDA:94,5,1,0
BRDA:100,6,0,0
BRDA:100,6,1,0
BRDA:101,7,0,0
BRDA:101,7,1,0
BRDA:102,8,0,0
BRDA:102,8,1,0
BRDA:103,9,0,0
BRDA:103,9,1,0
BRDA:128,10,0,0
BRDA:128,10,1,0
BRDA:128,11,0,0
BRDA:128,11,1,0
BRDA:128,11,2,0
BRDA:135,12,0,0
BRDA:135,12,1,0
BRDA:136,13,0,0
BRDA:136,13,1,0
BRDA:147,14,0,0
BRDA:149,15,0,0
BRDA:149,15,1,0
BRDA:294,16,0,0
BRDA:294,16,1,0
BRDA:294,17,0,0
BRDA:294,17,1,0
BRDA:297,18,0,0
BRDA:297,18,1,0
BRDA:298,19,0,0
BRDA:298,19,1,0
BRDA:299,20,0,0
BRDA:299,20,1,0
BRDA:313,21,0,0
BRDA:313,21,1,0
BRDA:317,22,0,0
BRDA:317,22,1,0
BRDA:332,23,0,0
BRDA:332,23,1,0
BRDA:336,24,0,0
BRDA:336,24,1,0
BRDA:338,25,0,0
BRDA:338,25,1,0
BRF:51
BRH:0
end_of_record
TN:
SF:utils\toast.jsx
FN:4,(anonymous_0)
FNF:1
FNH:0
FNDA:0,(anonymous_0)
DA:4,0
DA:5,0
DA:6,0
DA:7,0
DA:9,0
LF:5
LH:0
BRDA:4,0,0,0
BRDA:4,1,0,0
BRDA:6,2,0,0
BRDA:6,2,1,0
BRF:4
BRH:0
end_of_record
TN:
SF:utils\validation.js
FN:41,(anonymous_0)
FN:54,(anonymous_1)
FN:80,(anonymous_2)
FN:89,(anonymous_3)
FN:96,(anonymous_4)
FN:103,(anonymous_5)
FN:110,(anonymous_6)
FN:118,(anonymous_7)
FN:126,(anonymous_8)
FN:133,(anonymous_9)
FN:140,(anonymous_10)
FN:152,(anonymous_11)
FN:160,(anonymous_12)
FN:168,(anonymous_13)
FN:176,(anonymous_14)
FN:184,(anonymous_15)
FN:207,(anonymous_16)
FN:211,(anonymous_17)
FN:246,(anonymous_18)
FN:310,(anonymous_19)
FN:355,(anonymous_20)
FN:367,(anonymous_21)
FN:382,(anonymous_22)
FN:383,(anonymous_23)
FN:384,(anonymous_24)
FN:385,(anonymous_25)
FN:386,(anonymous_26)
FN:387,(anonymous_27)
FN:392,(anonymous_28)
FNF:29
FNH:0
FNDA:0,(anonymous_0)
FNDA:0,(anonymous_1)
FNDA:0,(anonymous_2)
FNDA:0,(anonymous_3)
FNDA:0,(anonymous_4)
FNDA:0,(anonymous_5)
FNDA:0,(anonymous_6)
FNDA:0,(anonymous_7)
FNDA:0,(anonymous_8)
FNDA:0,(anonymous_9)
FNDA:0,(anonymous_10)
FNDA:0,(anonymous_11)
FNDA:0,(anonymous_12)
FNDA:0,(anonymous_13)
FNDA:0,(anonymous_14)
FNDA:0,(anonymous_15)
FNDA:0,(anonymous_16)
FNDA:0,(anonymous_17)
FNDA:0,(anonymous_18)
FNDA:0,(anonymous_19)
FNDA:0,(anonymous_20)
FNDA:0,(anonymous_21)
FNDA:0,(anonymous_22)
FNDA:0,(anonymous_23)
FNDA:0,(anonymous_24)
FNDA:0,(anonymous_25)
FNDA:0,(anonymous_26)
FNDA:0,(anonymous_27)
FNDA:0,(anonymous_28)
DA:11,0
DA:29,0
DA:41,0
DA:42,0
DA:44,0
DA:54,0
DA:55,0
DA:57,0
DA:60,0
DA:62,0
DA:63,0
DA:65,0
DA:68,0
DA:71,0
DA:72,0
DA:74,0
DA:80,0
DA:81,0
DA:82,0
DA:88,0
DA:90,0
DA:91,0
DA:93,0
DA:97,0
DA:98,0
DA:100,0
DA:104,0
DA:105,0
DA:107,0
DA:111,0
DA:112,0
DA:113,0
DA:115,0
DA:119,0
DA:120,0
DA:121,0
DA:123,0
DA:127,0
DA:128,0
DA:130,0
DA:134,0
DA:135,0
DA:137,0
DA:141,0
DA:142,0
DA:143,0
DA:145,0
DA:146,0
DA:149,0
DA:153,0
DA:154,0
DA:155,0
DA:157,0
DA:161,0
DA:162,0
DA:163,0
DA:165,0
DA:169,0
DA:170,0
DA:171,0
DA:173,0
DA:177,0
DA:184,0
DA:185,0
DA:187,0
DA:188,0
DA:189,0
DA:191,0
DA:192,0
DA:193,0
DA:194,0
DA:196,0
DA:201,0
DA:207,0
DA:208,0
DA:209,0
DA:211,0
DA:212,0
DA:213,0
DA:215,0
DA:216,0
DA:217,0
DA:221,0
DA:231,0
DA:247,0
DA:248,0
DA:250,0
DA:311,0
DA:312,0
DA:313,0
DA:315,0
DA:356,0
DA:357,0
DA:358,0
DA:360,0
DA:368,0
DA:369,0
DA:370,0
DA:372,0
DA:382,0
DA:383,0
DA:384,0
DA:385,0
DA:386,0
DA:387,0
DA:392,0
DA:393,0
DA:394,0
LF:108
LH:0
BRDA:42,0,0,0
BRDA:42,0,1,0
BRDA:54,1,0,0
BRDA:55,2,0,0
BRDA:57,3,0,0
BRDA:57,3,1,0
BRDA:57,4,0,0
BRDA:57,4,1,0
BRDA:57,4,2,0
BRDA:60,5,0,0
BRDA:60,5,1,0
BRDA:63,6,0,0
BRDA:63,6,1,0
BRDA:65,7,0,0
BRDA:65,7,1,0
BRDA:68,8,0,0
BRDA:68,8,1,0
BRDA:71,9,0,0
BRDA:71,9,1,0
BRDA:71,10,0,0
BRDA:71,10,1,0
BRDA:72,11,0,0
BRDA:72,11,1,0
BRDA:72,12,0,0
BRDA:72,12,1,0
BRDA:81,13,0,0
BRDA:81,13,1,0
BRDA:90,14,0,0
BRDA:90,14,1,0
BRDA:90,15,0,0
BRDA:90,15,1,0
BRDA:90,15,2,0
BRDA:91,16,0,0
BRDA:91,16,1,0
BRDA:97,17,0,0
BRDA:97,17,1,0
BRDA:97,18,0,0
BRDA:97,18,1,0
BRDA:98,19,0,0
BRDA:98,19,1,0
BRDA:104,20,0,0
BRDA:104,20,1,0
BRDA:104,21,0,0
BRDA:104,21,1,0
BRDA:105,22,0,0
BRDA:105,22,1,0
BRDA:112,23,0,0
BRDA:112,23,1,0
BRDA:112,24,0,0
BRDA:112,24,1,0
BRDA:113,25,0,0
BRDA:113,25,1,0
BRDA:120,26,0,0
BRDA:120,26,1,0
BRDA:120,27,0,0
BRDA:120,27,1,0
BRDA:121,28,0,0
BRDA:121,28,1,0
BRDA:127,29,0,0
BRDA:127,29,1,0
BRDA:127,30,0,0
BRDA:127,30,1,0
BRDA:128,31,0,0
BRDA:128,31,1,0
BRDA:128,32,0,0
BRDA:128,32,1,0
BRDA:134,33,0,0
BRDA:134,33,1,0
BRDA:134,34,0,0
BRDA:134,34,1,0
BRDA:135,35,0,0
BRDA:135,35,1,0
BRDA:141,36,0,0
BRDA:141,36,1,0
BRDA:142,37,0,0
BRDA:142,37,1,0
BRDA:145,38,0,0
BRDA:145,38,1,0
BRDA:154,39,0,0
BRDA:154,39,1,0
BRDA:155,40,0,0
BRDA:155,40,1,0
BRDA:162,41,0,0
BRDA:162,41,1,0
BRDA:162,42,0,0
BRDA:162,42,1,0
BRDA:163,43,0,0
BRDA:163,43,1,0
BRDA:170,44,0,0
BRDA:170,44,1,0
BRDA:170,45,0,0
BRDA:170,45,1,0
BRDA:171,46,0,0
BRDA:171,46,1,0
BRDA:184,47,0,0
BRDA:188,48,0,0
BRDA:188,48,1,0
BRDA:191,49,0,0
BRDA:191,49,1,0
BRDA:193,50,0,0
BRDA:193,50,1,0
BRDA:196,51,0,0
BRDA:196,51,1,0
BRDA:215,52,0,0
BRDA:215,52,1,0
BRDA:224,53,0,0
BRDA:224,53,1,0
BRDA:247,54,0,0
BRDA:247,54,1,0
BRDA:312,55,0,0
BRDA:312,55,1,0
BRDA:357,56,0,0
BRDA:357,56,1,0
BRDA:369,57,0,0
BRDA:369,57,1,0
BRDA:393,58,0,0
BRDA:393,58,1,0
BRF:117
BRH:0
end_of_record
TN:
SF:utils\validation.jsx
FN:6,(anonymous_0)
FN:13,(anonymous_1)
FN:21,(anonymous_2)
FN:29,(anonymous_3)
FN:40,(anonymous_4)
FN:48,(anonymous_5)
FN:56,(anonymous_6)
FN:69,validateField
FN:80,validateFields
FN:97,validateAndShowError
FN:112,(anonymous_10)
FN:119,(anonymous_11)
FN:123,(anonymous_12)
FN:129,(anonymous_13)
FN:132,(anonymous_14)
FN:135,(anonymous_15)
FN:141,sanitizeInput
FN:168,(anonymous_17)
FN:173,(anonymous_18)
FN:178,(anonymous_19)
FN:183,(anonymous_20)
FNF:21
FNH:0
FNDA:0,(anonymous_0)
FNDA:0,(anonymous_1)
FNDA:0,(anonymous_2)
FNDA:0,(anonymous_3)
FNDA:0,(anonymous_4)
FNDA:0,(anonymous_5)
FNDA:0,(anonymous_6)
FNDA:0,validateField
FNDA:0,validateFields
FNDA:0,validateAndShowError
FNDA:0,(anonymous_10)
FNDA:0,(anonymous_11)
FNDA:0,(anonymous_12)
FNDA:0,(anonymous_13)
FNDA:0,(anonymous_14)
FNDA:0,(anonymous_15)
FNDA:0,sanitizeInput
FNDA:0,(anonymous_17)
FNDA:0,(anonymous_18)
FNDA:0,(anonymous_19)
FNDA:0,(anonymous_20)
DA:5,0
DA:7,0
DA:8,0
DA:10,0
DA:14,0
DA:15,0
DA:16,0
DA:18,0
DA:22,0
DA:23,0
DA:24,0
DA:26,0
DA:30,0
DA:31,0
DA:32,0
DA:34,0
DA:35,0
DA:37,0
DA:41,0
DA:42,0
DA:43,0
DA:45,0
DA:49,0
DA:50,0
DA:51,0
DA:53,0
DA:57,0
DA:58,0
DA:59,0
DA:61,0
DA:62,0
DA:64,0
DA:70,0
DA:71,0
DA:72,0
DA:73,0
DA:76,0
DA:81,0
DA:82,0
DA:84,0
DA:85,0
DA:86,0
DA:87,0
DA:88,0
DA:89,0
DA:93,0
DA:98,0
DA:99,0
DA:100,0
DA:101,0
DA:102,0
DA:104,0
DA:108,0
DA:112,0
DA:119,0
DA:123,0
DA:129,0
DA:132,0
DA:135,0
DA:142,0
DA:143,0
DA:146,0
DA:148,0
DA:149,0
DA:152,0
DA:155,0
DA:158,0
DA:159,0
DA:162,0
DA:167,0
DA:169,0
DA:170,0
DA:174,0
DA:175,0
DA:179,0
DA:180,0
DA:184,0
DA:185,0
DA:187,0
LF:79
LH:0
BRDA:6,0,0,0
BRDA:7,1,0,0
BRDA:7,1,1,0
BRDA:7,2,0,0
BRDA:7,2,1,0
BRDA:7,2,2,0
BRDA:13,3,0,0
BRDA:15,4,0,0
BRDA:15,4,1,0
BRDA:21,5,0,0
BRDA:23,6,0,0
BRDA:23,6,1,0
BRDA:23,7,0,0
BRDA:23,7,1,0
BRDA:29,8,0,0
BRDA:31,9,0,0
BRDA:31,9,1,0
BRDA:34,10,0,0
BRDA:34,10,1,0
BRDA:34,11,0,0
BRDA:34,11,1,0
BRDA:40,12,0,0
BRDA:42,13,0,0
BRDA:42,13,1,0
BRDA:48,14,0,0
BRDA:50,15,0,0
BRDA:50,15,1,0
BRDA:56,16,0,0
BRDA:57,17,0,0
BRDA:57,17,1,0
BRDA:58,18,0,0
BRDA:58,18,1,0
BRDA:61,19,0,0
BRDA:61,19,1,0
BRDA:69,20,0,0
BRDA:72,21,0,0
BRDA:72,21,1,0
BRDA:87,22,0,0
BRDA:87,22,1,0
BRDA:93,23,0,0
BRDA:93,23,1,0
BRDA:99,24,0,0
BRDA:99,24,1,0
BRDA:129,25,0,0
BRDA:129,25,1,0
BRDA:132,26,0,0
BRDA:132,26,1,0
BRDA:135,27,0,0
BRDA:135,27,1,0
BRDA:141,28,0,0
BRDA:142,29,0,0
BRDA:142,29,1,0
BRDA:142,30,0,0
BRDA:142,30,1,0
BRDA:143,31,0,0
BRDA:143,31,1,0
BRDA:146,32,0,0
BRDA:146,32,1,0
BRDA:146,32,2,0
BRDA:146,32,3,0
BRDA:146,32,4,0
BRDA:149,33,0,0
BRDA:149,33,1,0
BRDA:159,34,0,0
BRDA:159,34,1,0
BRDA:168,35,0,0
BRDA:170,36,0,0
BRDA:170,36,1,0
BRDA:173,37,0,0
BRDA:175,38,0,0
BRDA:175,38,1,0
BRDA:178,39,0,0
BRDA:180,40,0,0
BRDA:180,40,1,0
BRDA:183,41,0,0
BRF:75
BRH:0
end_of_record
TN:
SF:utils\achievements\index.jsx
FN:117,(anonymous_0)
FN:128,(anonymous_1)
FN:129,(anonymous_2)
FN:145,(anonymous_3)
FN:151,(anonymous_4)
FN:165,(anonymous_5)
FN:174,(anonymous_6)
FN:181,(anonymous_7)
FN:194,(anonymous_8)
FN:198,(anonymous_9)
FN:199,(anonymous_10)
FN:216,(anonymous_11)
FN:217,(anonymous_12)
FN:238,(anonymous_13)
FN:243,(anonymous_14)
FN:245,(anonymous_15)
FN:288,(anonymous_16)
FN:306,(anonymous_17)
FN:311,(anonymous_18)
FN:322,(anonymous_19)
FN:328,(anonymous_20)
FN:329,(anonymous_21)
FN:334,(anonymous_22)
FNF:23
FNH:0
FNDA:0,(anonymous_0)
FNDA:0,(anonymous_1)
FNDA:0,(anonymous_2)
FNDA:0,(anonymous_3)
FNDA:0,(anonymous_4)
FNDA:0,(anonymous_5)
FNDA:0,(anonymous_6)
FNDA:0,(anonymous_7)
FNDA:0,(anonymous_8)
FNDA:0,(anonymous_9)
FNDA:0,(anonymous_10)
FNDA:0,(anonymous_11)
FNDA:0,(anonymous_12)
FNDA:0,(anonymous_13)
FNDA:0,(anonymous_14)
FNDA:0,(anonymous_15)
FNDA:0,(anonymous_16)
FNDA:0,(anonymous_17)
FNDA:0,(anonymous_18)
FNDA:0,(anonymous_19)
FNDA:0,(anonymous_20)
FNDA:0,(anonymous_21)
FNDA:0,(anonymous_22)
DA:6,0
DA:117,0
DA:118,0
DA:119,0
DA:121,0
DA:123,0
DA:124,0
DA:128,0
DA:129,0
DA:131,0
DA:132,0
DA:133,0
DA:134,0
DA:137,0
DA:139,0
DA:140,0
DA:145,0
DA:146,0
DA:147,0
DA:148,0
DA:151,0
DA:152,0
DA:153,0
DA:154,0
DA:158,0
DA:159,0
DA:160,0
DA:163,0
DA:164,0
DA:165,0
DA:167,0
DA:169,0
DA:170,0
DA:174,0
DA:175,0
DA:176,0
DA:177,0
DA:181,0
DA:182,0
DA:183,0
DA:184,0
DA:187,0
DA:189,0
DA:190,0
DA:194,0
DA:195,0
DA:196,0
DA:197,0
DA:198,0
DA:199,0
DA:201,0
DA:204,0
DA:205,0
DA:206,0
DA:210,0
DA:211,0
DA:213,0
DA:214,0
DA:215,0
DA:216,0
DA:217,0
DA:219,0
DA:221,0
DA:222,0
DA:226,0
DA:227,0
DA:228,0
DA:231,0
DA:233,0
DA:234,0
DA:238,0
DA:239,0
DA:240,0
DA:242,0
DA:243,0
DA:245,0
DA:252,0
DA:255,0
DA:256,0
DA:257,0
DA:261,0
DA:262,0
DA:263,0
DA:264,0
DA:268,0
DA:269,0
DA:270,0
DA:272,0
DA:273,0
DA:274,0
DA:276,0
DA:277,0
DA:278,0
DA:281,0
DA:283,0
DA:284,0
DA:288,0
DA:289,0
DA:290,0
DA:293,0
DA:294,0
DA:295,0
DA:298,0
DA:300,0
DA:301,0
DA:306,0
DA:307,0
DA:308,0
DA:309,0
DA:311,0
DA:312,0
DA:316,0
DA:317,0
DA:322,0
DA:323,0
DA:324,0
DA:326,0
DA:328,0
DA:329,0
DA:334,0
DA:335,0
DA:336,0
DA:337,0
DA:343,0
DA:344,0
DA:345,0
DA:349,0
DA:351,0
DA:352,0
LF:129
LH:0
BRDA:121,0,0,0
BRDA:121,0,1,0
BRDA:131,1,0,0
BRDA:131,1,1,0
BRDA:152,2,0,0
BRDA:152,2,1,0
BRDA:152,3,0,0
BRDA:152,3,1,0
BRDA:152,3,2,0
BRDA:167,4,0,0
BRDA:167,4,1,0
BRDA:175,5,0,0
BRDA:175,5,1,0
BRDA:175,6,0,0
BRDA:175,6,1,0
BRDA:182,7,0,0
BRDA:182,7,1,0
BRDA:182,8,0,0
BRDA:182,8,1,0
BRDA:194,9,0,0
BRDA:199,10,0,0
BRDA:199,10,1,0
BRDA:204,11,0,0
BRDA:204,11,1,0
BRDA:217,12,0,0
BRDA:217,12,1,0
BRDA:219,13,0,0
BRDA:219,13,1,0
BRDA:226,14,0,0
BRDA:226,14,1,0
BRDA:240,15,0,0
BRDA:240,15,1,0
BRDA:246,16,0,0
BRDA:246,16,1,0
BRDA:247,17,0,0
BRDA:247,17,1,0
BRDA:248,18,0,0
BRDA:248,18,1,0
BRDA:249,19,0,0
BRDA:249,19,1,0
BRDA:255,20,0,0
BRDA:255,20,1,0
BRDA:261,21,0,0
BRDA:261,21,1,0
BRDA:262,22,0,0
BRDA:262,22,1,0
BRDA:268,23,0,0
BRDA:268,23,1,0
BRDA:269,24,0,0
BRDA:269,24,1,0
BRDA:270,25,0,0
BRDA:270,25,1,0
BRDA:276,26,0,0
BRDA:276,26,1,0
BRDA:276,27,0,0
BRDA:276,27,1,0
BRDA:276,27,2,0
BRDA:293,28,0,0
BRDA:293,28,1,0
BRDA:312,29,0,0
BRDA:312,29,1,0
BRDA:329,30,0,0
BRDA:329,30,1,0
BRDA:335,31,0,0
BRDA:335,31,1,0
BRDA:336,32,0,0
BRDA:336,32,1,0
BRDA:344,33,0,0
BRDA:344,33,1,0
BRF:69
BRH:0
end_of_record
TN:
SF:utils\achievements\weeklyChallenges.jsx
FN:84,(anonymous_0)
FN:96,(anonymous_1)
FN:100,(anonymous_2)
FN:101,(anonymous_3)
FN:122,(anonymous_4)
FN:135,(anonymous_5)
FN:136,(anonymous_6)
FN:149,(anonymous_7)
FN:154,(anonymous_8)
FN:170,(anonymous_9)
FN:179,(anonymous_10)
FN:185,(anonymous_11)
FN:197,(anonymous_12)
FN:198,(anonymous_13)
FN:212,(anonymous_14)
FN:236,(anonymous_15)
FN:245,(anonymous_16)
FN:258,(anonymous_17)
FN:278,(anonymous_18)
FN:281,(anonymous_19)
FN:289,(anonymous_20)
FN:294,(anonymous_21)
FN:295,(anonymous_22)
FN:310,(anonymous_23)
FN:316,(anonymous_24)
FN:326,(anonymous_25)
FN:331,(anonymous_26)
FNF:27
FNH:0
FNDA:0,(anonymous_0)
FNDA:0,(anonymous_1)
FNDA:0,(anonymous_2)
FNDA:0,(anonymous_3)
FNDA:0,(anonymous_4)
FNDA:0,(anonymous_5)
FNDA:0,(anonymous_6)
FNDA:0,(anonymous_7)
FNDA:0,(anonymous_8)
FNDA:0,(anonymous_9)
FNDA:0,(anonymous_10)
FNDA:0,(anonymous_11)
FNDA:0,(anonymous_12)
FNDA:0,(anonymous_13)
FNDA:0,(anonymous_14)
FNDA:0,(anonymous_15)
FNDA:0,(anonymous_16)
FNDA:0,(anonymous_17)
FNDA:0,(anonymous_18)
FNDA:0,(anonymous_19)
FNDA:0,(anonymous_20)
FNDA:0,(anonymous_21)
FNDA:0,(anonymous_22)
FNDA:0,(anonymous_23)
FNDA:0,(anonymous_24)
FNDA:0,(anonymous_25)
FNDA:0,(anonymous_26)
DA:5,0
DA:84,0
DA:85,0
DA:86,0
DA:87,0
DA:88,0
DA:89,0
DA:90,0
DA:91,0
DA:92,0
DA:95,0
DA:96,0
DA:98,0
DA:100,0
DA:101,0
DA:109,0
DA:110,0
DA:111,0
DA:114,0
DA:116,0
DA:117,0
DA:122,0
DA:123,0
DA:124,0
DA:125,0
DA:126,0
DA:128,0
DA:129,0
DA:131,0
DA:134,0
DA:135,0
DA:136,0
DA:138,0
DA:139,0
DA:140,0
DA:141,0
DA:144,0
DA:148,0
DA:150,0
DA:151,0
DA:152,0
DA:154,0
DA:156,0
DA:157,0
DA:158,0
DA:159,0
DA:162,0
DA:166,0
DA:170,0
DA:171,0
DA:172,0
DA:173,0
DA:174,0
DA:176,0
DA:177,0
DA:179,0
DA:181,0
DA:183,0
DA:185,0
DA:186,0
DA:187,0
DA:188,0
DA:189,0
DA:192,0
DA:196,0
DA:197,0
DA:198,0
DA:201,0
DA:202,0
DA:203,0
DA:204,0
DA:207,0
DA:210,0
DA:212,0
DA:218,0
DA:219,0
DA:220,0
DA:222,0
DA:223,0
DA:224,0
DA:225,0
DA:228,0
DA:232,0
DA:236,0
DA:237,0
DA:238,0
DA:239,0
DA:240,0
DA:242,0
DA:243,0
DA:245,0
DA:247,0
DA:249,0
DA:250,0
DA:251,0
DA:252,0
DA:255,0
DA:258,0
DA:259,0
DA:260,0
DA:263,0
DA:264,0
DA:265,0
DA:266,0
DA:269,0
DA:273,0
DA:278,0
DA:279,0
DA:280,0
DA:281,0
DA:283,0
DA:284,0
DA:289,0
DA:290,0
DA:291,0
DA:292,0
DA:294,0
DA:295,0
DA:297,0
DA:304,0
DA:305,0
DA:310,0
DA:311,0
DA:312,0
DA:313,0
DA:315,0
DA:316,0
DA:318,0
DA:320,0
DA:321,0
DA:326,0
DA:327,0
DA:328,0
DA:329,0
DA:331,0
DA:335,0
DA:337,0
DA:338,0
LF:138
LH:0
BRDA:95,0,0,0
BRDA:95,0,1,0
BRDA:98,1,0,0
BRDA:98,1,1,0
BRDA:122,2,0,0
BRDA:129,3,0,0
BRDA:129,3,1,0
BRDA:129,4,0,0
BRDA:129,4,1,0
BRDA:131,5,0,0
BRDA:131,5,1,0
BRDA:136,6,0,0
BRDA:136,6,1,0
BRDA:138,7,0,0
BRDA:138,7,1,0
BRDA:140,8,0,0
BRDA:140,8,1,0
BRDA:150,9,0,0
BRDA:150,9,1,0
BRDA:152,10,0,0
BRDA:152,10,1,0
BRDA:154,11,0,0
BRDA:154,11,1,0
BRDA:156,12,0,0
BRDA:156,12,1,0
BRDA:158,13,0,0
BRDA:158,13,1,0
BRDA:177,14,0,0
BRDA:177,14,1,0
BRDA:177,15,0,0
BRDA:177,15,1,0
BRDA:181,16,0,0
BRDA:181,16,1,0
BRDA:181,16,2,0
BRDA:183,17,0,0
BRDA:183,17,1,0
BRDA:185,18,0,0
BRDA:185,18,1,0
BRDA:186,19,0,0
BRDA:186,19,1,0
BRDA:188,20,0,0
BRDA:188,20,1,0
BRDA:201,21,0,0
BRDA:201,21,1,0
BRDA:203,22,0,0
BRDA:203,22,1,0
BRDA:210,23,0,0
BRDA:210,23,1,0
BRDA:213,24,0,0
BRDA:213,24,1,0
BRDA:214,25,0,0
BRDA:214,25,1,0
BRDA:215,26,0,0
BRDA:215,26,1,0
BRDA:222,27,0,0
BRDA:222,27,1,0
BRDA:222,28,0,0
BRDA:222,28,1,0
BRDA:222,28,2,0
BRDA:224,29,0,0
BRDA:224,29,1,0
BRDA:243,30,0,0
BRDA:243,30,1,0
BRDA:243,31,0,0
BRDA:243,31,1,0
BRDA:247,32,0,0
BRDA:247,32,1,0
BRDA:249,33,0,0
BRDA:249,33,1,0
BRDA:251,34,0,0
BRDA:251,34,1,0
BRDA:260,35,0,0
BRDA:260,35,1,0
BRDA:263,36,0,0
BRDA:263,36,1,0
BRDA:265,37,0,0
BRDA:265,37,1,0
BRDA:313,38,0,0
BRDA:313,38,1,0
BRDA:332,39,0,0
BRDA:332,39,1,0
BRF:81
BRH:0
end_of_record
TN:
SF:utils\recommendations\index.jsx
FN:6,(anonymous_0)
FN:15,(anonymous_1)
FN:18,(anonymous_2)
FN:67,(anonymous_3)
FN:78,(anonymous_4)
FN:128,(anonymous_5)
FN:129,(anonymous_6)
FN:140,(anonymous_7)
FN:174,(anonymous_8)
FN:180,(anonymous_9)
FN:186,(anonymous_10)
FN:207,(anonymous_11)
FN:215,(anonymous_12)
FN:226,(anonymous_13)
FN:242,(anonymous_14)
FN:248,(anonymous_15)
FN:251,(anonymous_16)
FN:258,(anonymous_17)
FN:264,(anonymous_18)
FN:271,(anonymous_19)
FN:275,(anonymous_20)
FN:279,(anonymous_21)
FN:304,(anonymous_22)
FN:305,(anonymous_23)
FN:335,(anonymous_24)
FN:435,(anonymous_25)
FNF:26
FNH:0
FNDA:0,(anonymous_0)
FNDA:0,(anonymous_1)
FNDA:0,(anonymous_2)
FNDA:0,(anonymous_3)
FNDA:0,(anonymous_4)
FNDA:0,(anonymous_5)
FNDA:0,(anonymous_6)
FNDA:0,(anonymous_7)
FNDA:0,(anonymous_8)
FNDA:0,(anonymous_9)
FNDA:0,(anonymous_10)
FNDA:0,(anonymous_11)
FNDA:0,(anonymous_12)
FNDA:0,(anonymous_13)
FNDA:0,(anonymous_14)
FNDA:0,(anonymous_15)
FNDA:0,(anonymous_16)
FNDA:0,(anonymous_17)
FNDA:0,(anonymous_18)
FNDA:0,(anonymous_19)
FNDA:0,(anonymous_20)
FNDA:0,(anonymous_21)
FNDA:0,(anonymous_22)
FNDA:0,(anonymous_23)
FNDA:0,(anonymous_24)
FNDA:0,(anonymous_25)
DA:6,0
DA:7,0
DA:8,0
DA:14,0
DA:15,0
DA:18,0
DA:27,0
DA:28,0
DA:29,0
DA:30,0
DA:31,0
DA:38,0
DA:42,0
DA:49,0
DA:61,0
DA:62,0
DA:67,0
DA:68,0
DA:69,0
DA:70,0
DA:72,0
DA:73,0
DA:75,0
DA:78,0
DA:79,0
DA:80,0
DA:83,0
DA:84,0
DA:85,0
DA:89,0
DA:90,0
DA:91,0
DA:95,0
DA:96,0
DA:97,0
DA:101,0
DA:102,0
DA:103,0
DA:104,0
DA:108,0
DA:109,0
DA:110,0
DA:114,0
DA:115,0
DA:116,0
DA:119,0
DA:127,0
DA:128,0
DA:129,0
DA:132,0
DA:134,0
DA:135,0
DA:140,0
DA:141,0
DA:142,0
DA:143,0
DA:145,0
DA:148,0
DA:171,0
DA:173,0
DA:176,0
DA:180,0
DA:181,0
DA:184,0
DA:187,0
DA:190,0
DA:191,0
DA:192,0
DA:193,0
DA:194,0
DA:197,0
DA:203,0
DA:207,0
DA:208,0
DA:209,0
DA:213,0
DA:215,0
DA:218,0
DA:220,0
DA:221,0
DA:226,0
DA:227,0
DA:228,0
DA:230,0
DA:231,0
DA:241,0
DA:242,0
DA:243,0
DA:244,0
DA:245,0
DA:248,0
DA:251,0
DA:253,0
DA:254,0
DA:255,0
DA:256,0
DA:258,0
DA:260,0
DA:265,0
DA:271,0
DA:272,0
DA:275,0
DA:276,0
DA:279,0
DA:282,0
DA:283,0
DA:285,0
DA:286,0
DA:287,0
DA:288,0
DA:289,0
DA:290,0
DA:293,0
DA:294,0
DA:297,0
DA:298,0
DA:299,0
DA:300,0
DA:304,0
DA:305,0
DA:307,0
DA:308,0
DA:309,0
DA:310,0
DA:313,0
DA:323,0
DA:324,0
DA:335,0
DA:336,0
DA:337,0
DA:343,0
DA:345,0
DA:346,0
DA:349,0
DA:350,0
DA:356,0
DA:357,0
DA:366,0
DA:367,0
DA:376,0
DA:377,0
DA:378,0
DA:379,0
DA:381,0
DA:382,0
DA:383,0
DA:384,0
DA:386,0
DA:387,0
DA:395,0
DA:396,0
DA:407,0
DA:408,0
DA:417,0
DA:418,0
DA:424,0
DA:425,0
DA:434,0
DA:435,0
DA:437,0
DA:439,0
DA:440,0
LF:162
LH:0
BRDA:19,0,0,0
BRDA:19,0,1,0
BRDA:20,1,0,0
BRDA:20,1,1,0
BRDA:21,2,0,0
BRDA:21,2,1,0
BRDA:22,3,0,0
BRDA:22,3,1,0
BRDA:27,4,0,0
BRDA:27,4,1,0
BRDA:29,5,0,0
BRDA:29,5,1,0
BRDA:32,6,0,0
BRDA:32,6,1,0
BRDA:33,7,0,0
BRDA:33,7,1,0
BRDA:34,8,0,0
BRDA:34,8,1,0
BRDA:35,9,0,0
BRDA:35,9,1,0
BRDA:54,10,0,0
BRDA:54,10,1,0
BRDA:55,11,0,0
BRDA:55,11,1,0
BRDA:56,12,0,0
BRDA:56,12,1,0
BRDA:57,13,0,0
BRDA:57,13,1,0
BRDA:67,14,0,0
BRDA:70,15,0,0
BRDA:70,15,1,0
BRDA:75,16,0,0
BRDA:75,16,1,0
BRDA:83,17,0,0
BRDA:83,17,1,0
BRDA:83,18,0,0
BRDA:83,18,1,0
BRDA:89,19,0,0
BRDA:89,19,1,0
BRDA:89,20,0,0
BRDA:89,20,1,0
BRDA:95,21,0,0
BRDA:95,21,1,0
BRDA:95,22,0,0
BRDA:95,22,1,0
BRDA:95,22,2,0
BRDA:102,23,0,0
BRDA:102,23,1,0
BRDA:108,24,0,0
BRDA:108,24,1,0
BRDA:108,25,0,0
BRDA:108,25,1,0
BRDA:115,26,0,0
BRDA:115,26,1,0
BRDA:115,27,0,0
BRDA:115,27,1,0
BRDA:145,28,0,0
BRDA:145,28,1,0
BRDA:145,29,0,0
BRDA:145,29,1,0
BRDA:171,30,0,0
BRDA:171,30,1,0
BRDA:176,31,0,0
BRDA:176,31,1,0
BRDA:184,32,0,0
BRDA:184,32,1,0
BRDA:191,33,0,0
BRDA:191,33,1,0
BRDA:208,34,0,0
BRDA:208,34,1,0
BRDA:230,35,0,0
BRDA:230,35,1,0
BRDA:244,36,0,0
BRDA:244,36,1,0
BRDA:255,37,0,0
BRDA:255,37,1,0
BRDA:285,38,0,0
BRDA:285,38,1,0
BRDA:288,39,0,0
BRDA:288,39,1,0
BRDA:293,40,0,0
BRDA:293,40,1,0
BRDA:297,41,0,0
BRDA:297,41,1,0
BRDA:299,42,0,0
BRDA:299,42,1,0
BRDA:305,43,0,0
BRDA:305,43,1,0
BRDA:307,44,0,0
BRDA:307,44,1,0
BRDA:309,45,0,0
BRDA:309,45,1,0
BRDA:345,46,0,0
BRDA:345,46,1,0
BRDA:349,47,0,0
BRDA:349,47,1,0
BRDA:356,48,0,0
BRDA:356,48,1,0
BRDA:366,49,0,0
BRDA:366,49,1,0
BRDA:381,50,0,0
BRDA:381,50,1,0
BRDA:386,51,0,0
BRDA:386,51,1,0
BRDA:395,52,0,0
BRDA:395,52,1,0
BRDA:407,53,0,0
BRDA:407,53,1,0
BRDA:417,54,0,0
BRDA:417,54,1,0
BRDA:417,55,0,0
BRDA:417,55,1,0
BRDA:424,56,0,0
BRDA:424,56,1,0
BRDA:424,57,0,0
BRDA:424,57,1,0
BRF:116
BRH:0
end_of_record
